Start testing: Jul 07 16:43 India Standard Time
----------------------------------------------------------
1/330 Testing: DynamicArrayInsertDeathTest.InsertNegativeIndex
1/330 Test: DynamicArrayInsertDeathTest.InsertNegativeIndex
Command: "C:/Users/brach/OneDrive/Documents/Project-01/build/CollectionTests.exe" "--gtest_filter=DynamicArrayInsertDeathTest.InsertNegativeIndex" "--gtest_also_run_disabled_tests"
Directory: C:/Users/brach/OneDrive/Documents/Project-01/build
"DynamicArrayInsertDeathTest.InsertNegativeIndex" start time: Jul 07 16:43 India Standard Time
Output:
----------------------------------------------------------
Running main() from C:/Users/brach/OneDrive/Documents/Project-01/external/googletest/googletest/src/gtest_main.cc
Note: Google Test filter = DynamicArrayInsertDeathTest.InsertNegativeIndex
[==========] Running 1 test from 1 test suite.
[----------] Global test environment set-up.
[----------] 1 test from DynamicArrayInsertDeathTest
[ RUN      ] DynamicArrayInsertDeathTest.InsertNegativeIndex
[       OK ] DynamicArrayInsertDeathTest.InsertNegativeIndex (0 ms)
[----------] 1 test from DynamicArrayInsertDeathTest (0 ms total)

[----------] Global test environment tear-down
[==========] 1 test from 1 test suite ran. (0 ms total)
[  PASSED  ] 1 test.
<end of output>
Test time =   0.01 sec
----------------------------------------------------------
Test Passed.
"DynamicArrayInsertDeathTest.InsertNegativeIndex" end time: Jul 07 16:43 India Standard Time
"DynamicArrayInsertDeathTest.InsertNegativeIndex" time elapsed: 00:00:00
----------------------------------------------------------

2/330 Testing: DynamicArrayInsertDeathTest.InsertPastEnd
2/330 Test: DynamicArrayInsertDeathTest.InsertPastEnd
Command: "C:/Users/brach/OneDrive/Documents/Project-01/build/CollectionTests.exe" "--gtest_filter=DynamicArrayInsertDeathTest.InsertPastEnd" "--gtest_also_run_disabled_tests"
Directory: C:/Users/brach/OneDrive/Documents/Project-01/build
"DynamicArrayInsertDeathTest.InsertPastEnd" start time: Jul 07 16:43 India Standard Time
Output:
----------------------------------------------------------
Running main() from C:/Users/brach/OneDrive/Documents/Project-01/external/googletest/googletest/src/gtest_main.cc
Note: Google Test filter = DynamicArrayInsertDeathTest.InsertPastEnd
[==========] Running 1 test from 1 test suite.
[----------] Global test environment set-up.
[----------] 1 test from DynamicArrayInsertDeathTest
[ RUN      ] DynamicArrayInsertDeathTest.InsertPastEnd
[       OK ] DynamicArrayInsertDeathTest.InsertPastEnd (0 ms)
[----------] 1 test from DynamicArrayInsertDeathTest (0 ms total)

[----------] Global test environment tear-down
[==========] 1 test from 1 test suite ran. (0 ms total)
[  PASSED  ] 1 test.
<end of output>
Test time =   0.01 sec
----------------------------------------------------------
Test Passed.
"DynamicArrayInsertDeathTest.InsertPastEnd" end time: Jul 07 16:43 India Standard Time
"DynamicArrayInsertDeathTest.InsertPastEnd" time elapsed: 00:00:00
----------------------------------------------------------

3/330 Testing: SinglySize.EmptyList
3/330 Test: SinglySize.EmptyList
Command: "C:/Users/brach/OneDrive/Documents/Project-01/build/CollectionTests.exe" "--gtest_filter=SinglySize.EmptyList" "--gtest_also_run_disabled_tests"
Directory: C:/Users/brach/OneDrive/Documents/Project-01/build
"SinglySize.EmptyList" start time: Jul 07 16:43 India Standard Time
Output:
----------------------------------------------------------
Running main() from C:/Users/brach/OneDrive/Documents/Project-01/external/googletest/googletest/src/gtest_main.cc
Note: Google Test filter = SinglySize.EmptyList
[==========] Running 1 test from 1 test suite.
[----------] Global test environment set-up.
[----------] 1 test from SinglySize
[ RUN      ] SinglySize.EmptyList
[       OK ] SinglySize.EmptyList (0 ms)
[----------] 1 test from SinglySize (0 ms total)

[----------] Global test environment tear-down
[==========] 1 test from 1 test suite ran. (0 ms total)
[  PASSED  ] 1 test.
<end of output>
Test time =   0.02 sec
----------------------------------------------------------
Test Passed.
"SinglySize.EmptyList" end time: Jul 07 16:43 India Standard Time
"SinglySize.EmptyList" time elapsed: 00:00:00
----------------------------------------------------------

4/330 Testing: SinglySize.SizeAfterInsertFront
4/330 Test: SinglySize.SizeAfterInsertFront
Command: "C:/Users/brach/OneDrive/Documents/Project-01/build/CollectionTests.exe" "--gtest_filter=SinglySize.SizeAfterInsertFront" "--gtest_also_run_disabled_tests"
Directory: C:/Users/brach/OneDrive/Documents/Project-01/build
"SinglySize.SizeAfterInsertFront" start time: Jul 07 16:43 India Standard Time
Output:
----------------------------------------------------------
Running main() from C:/Users/brach/OneDrive/Documents/Project-01/external/googletest/googletest/src/gtest_main.cc
Note: Google Test filter = SinglySize.SizeAfterInsertFront
[==========] Running 1 test from 1 test suite.
[----------] Global test environment set-up.
[----------] 1 test from SinglySize
[ RUN      ] SinglySize.SizeAfterInsertFront
[       OK ] SinglySize.SizeAfterInsertFront (0 ms)
[----------] 1 test from SinglySize (0 ms total)

[----------] Global test environment tear-down
[==========] 1 test from 1 test suite ran. (0 ms total)
[  PASSED  ] 1 test.
<end of output>
Test time =   0.01 sec
----------------------------------------------------------
Test Passed.
"SinglySize.SizeAfterInsertFront" end time: Jul 07 16:43 India Standard Time
"SinglySize.SizeAfterInsertFront" time elapsed: 00:00:00
----------------------------------------------------------

5/330 Testing: SinglySize.SizeAfterInsertBack
5/330 Test: SinglySize.SizeAfterInsertBack
Command: "C:/Users/brach/OneDrive/Documents/Project-01/build/CollectionTests.exe" "--gtest_filter=SinglySize.SizeAfterInsertBack" "--gtest_also_run_disabled_tests"
Directory: C:/Users/brach/OneDrive/Documents/Project-01/build
"SinglySize.SizeAfterInsertBack" start time: Jul 07 16:43 India Standard Time
Output:
----------------------------------------------------------
Running main() from C:/Users/brach/OneDrive/Documents/Project-01/external/googletest/googletest/src/gtest_main.cc
Note: Google Test filter = SinglySize.SizeAfterInsertBack
[==========] Running 1 test from 1 test suite.
[----------] Global test environment set-up.
[----------] 1 test from SinglySize
[ RUN      ] SinglySize.SizeAfterInsertBack
[       OK ] SinglySize.SizeAfterInsertBack (0 ms)
[----------] 1 test from SinglySize (0 ms total)

[----------] Global test environment tear-down
[==========] 1 test from 1 test suite ran. (0 ms total)
[  PASSED  ] 1 test.
<end of output>
Test time =   0.01 sec
----------------------------------------------------------
Test Passed.
"SinglySize.SizeAfterInsertBack" end time: Jul 07 16:43 India Standard Time
"SinglySize.SizeAfterInsertBack" time elapsed: 00:00:00
----------------------------------------------------------

6/330 Testing: SinglySize.SizeAfterMixedOperations
6/330 Test: SinglySize.SizeAfterMixedOperations
Command: "C:/Users/brach/OneDrive/Documents/Project-01/build/CollectionTests.exe" "--gtest_filter=SinglySize.SizeAfterMixedOperations" "--gtest_also_run_disabled_tests"
Directory: C:/Users/brach/OneDrive/Documents/Project-01/build
"SinglySize.SizeAfterMixedOperations" start time: Jul 07 16:43 India Standard Time
Output:
----------------------------------------------------------
Running main() from C:/Users/brach/OneDrive/Documents/Project-01/external/googletest/googletest/src/gtest_main.cc
Note: Google Test filter = SinglySize.SizeAfterMixedOperations
[==========] Running 1 test from 1 test suite.
[----------] Global test environment set-up.
[----------] 1 test from SinglySize
[ RUN      ] SinglySize.SizeAfterMixedOperations
[       OK ] SinglySize.SizeAfterMixedOperations (0 ms)
[----------] 1 test from SinglySize (0 ms total)

[----------] Global test environment tear-down
[==========] 1 test from 1 test suite ran. (0 ms total)
[  PASSED  ] 1 test.
<end of output>
Test time =   0.01 sec
----------------------------------------------------------
Test Passed.
"SinglySize.SizeAfterMixedOperations" end time: Jul 07 16:43 India Standard Time
"SinglySize.SizeAfterMixedOperations" time elapsed: 00:00:00
----------------------------------------------------------

7/330 Testing: SinglySize.SizeNeverNegative
7/330 Test: SinglySize.SizeNeverNegative
Command: "C:/Users/brach/OneDrive/Documents/Project-01/build/CollectionTests.exe" "--gtest_filter=SinglySize.SizeNeverNegative" "--gtest_also_run_disabled_tests"
Directory: C:/Users/brach/OneDrive/Documents/Project-01/build
"SinglySize.SizeNeverNegative" start time: Jul 07 16:43 India Standard Time
Output:
----------------------------------------------------------
Running main() from C:/Users/brach/OneDrive/Documents/Project-01/external/googletest/googletest/src/gtest_main.cc
Note: Google Test filter = SinglySize.SizeNeverNegative
[==========] Running 1 test from 1 test suite.
[----------] Global test environment set-up.
[----------] 1 test from SinglySize
[ RUN      ] SinglySize.SizeNeverNegative
[       OK ] SinglySize.SizeNeverNegative (0 ms)
[----------] 1 test from SinglySize (0 ms total)

[----------] Global test environment tear-down
[==========] 1 test from 1 test suite ran. (0 ms total)
[  PASSED  ] 1 test.
<end of output>
Test time =   0.01 sec
----------------------------------------------------------
Test Passed.
"SinglySize.SizeNeverNegative" end time: Jul 07 16:43 India Standard Time
"SinglySize.SizeNeverNegative" time elapsed: 00:00:00
----------------------------------------------------------

8/330 Testing: SinglySize.SizeAfterClear
8/330 Test: SinglySize.SizeAfterClear
Command: "C:/Users/brach/OneDrive/Documents/Project-01/build/CollectionTests.exe" "--gtest_filter=SinglySize.SizeAfterClear" "--gtest_also_run_disabled_tests"
Directory: C:/Users/brach/OneDrive/Documents/Project-01/build
"SinglySize.SizeAfterClear" start time: Jul 07 16:43 India Standard Time
Output:
----------------------------------------------------------
Running main() from C:/Users/brach/OneDrive/Documents/Project-01/external/googletest/googletest/src/gtest_main.cc
Note: Google Test filter = SinglySize.SizeAfterClear
[==========] Running 1 test from 1 test suite.
[----------] Global test environment set-up.
[----------] 1 test from SinglySize
[ RUN      ] SinglySize.SizeAfterClear
[       OK ] SinglySize.SizeAfterClear (0 ms)
[----------] 1 test from SinglySize (0 ms total)

[----------] Global test environment tear-down
[==========] 1 test from 1 test suite ran. (0 ms total)
[  PASSED  ] 1 test.
<end of output>
Test time =   0.01 sec
----------------------------------------------------------
Test Passed.
"SinglySize.SizeAfterClear" end time: Jul 07 16:43 India Standard Time
"SinglySize.SizeAfterClear" time elapsed: 00:00:00
----------------------------------------------------------

9/330 Testing: SinglySize.StressSizeUpdates
9/330 Test: SinglySize.StressSizeUpdates
Command: "C:/Users/brach/OneDrive/Documents/Project-01/build/CollectionTests.exe" "--gtest_filter=SinglySize.StressSizeUpdates" "--gtest_also_run_disabled_tests"
Directory: C:/Users/brach/OneDrive/Documents/Project-01/build
"SinglySize.StressSizeUpdates" start time: Jul 07 16:43 India Standard Time
Output:
----------------------------------------------------------
Running main() from C:/Users/brach/OneDrive/Documents/Project-01/external/googletest/googletest/src/gtest_main.cc
Note: Google Test filter = SinglySize.StressSizeUpdates
[==========] Running 1 test from 1 test suite.
[----------] Global test environment set-up.
[----------] 1 test from SinglySize
[ RUN      ] SinglySize.StressSizeUpdates
[       OK ] SinglySize.StressSizeUpdates (0 ms)
[----------] 1 test from SinglySize (0 ms total)

[----------] Global test environment tear-down
[==========] 1 test from 1 test suite ran. (0 ms total)
[  PASSED  ] 1 test.
<end of output>
Test time =   0.02 sec
----------------------------------------------------------
Test Passed.
"SinglySize.StressSizeUpdates" end time: Jul 07 16:43 India Standard Time
"SinglySize.StressSizeUpdates" time elapsed: 00:00:00
----------------------------------------------------------

10/330 Testing: SinglySearch.SearchInEmptyList
10/330 Test: SinglySearch.SearchInEmptyList
Command: "C:/Users/brach/OneDrive/Documents/Project-01/build/CollectionTests.exe" "--gtest_filter=SinglySearch.SearchInEmptyList" "--gtest_also_run_disabled_tests"
Directory: C:/Users/brach/OneDrive/Documents/Project-01/build
"SinglySearch.SearchInEmptyList" start time: Jul 07 16:43 India Standard Time
Output:
----------------------------------------------------------
Running main() from C:/Users/brach/OneDrive/Documents/Project-01/external/googletest/googletest/src/gtest_main.cc
Note: Google Test filter = SinglySearch.SearchInEmptyList
[==========] Running 1 test from 1 test suite.
[----------] Global test environment set-up.
[----------] 1 test from SinglySearch
[ RUN      ] SinglySearch.SearchInEmptyList
[       OK ] SinglySearch.SearchInEmptyList (0 ms)
[----------] 1 test from SinglySearch (0 ms total)

[----------] Global test environment tear-down
[==========] 1 test from 1 test suite ran. (0 ms total)
[  PASSED  ] 1 test.
<end of output>
Test time =   0.01 sec
----------------------------------------------------------
Test Passed.
"SinglySearch.SearchInEmptyList" end time: Jul 07 16:43 India Standard Time
"SinglySearch.SearchInEmptyList" time elapsed: 00:00:00
----------------------------------------------------------

11/330 Testing: SinglySearch.SearchExistingElement
11/330 Test: SinglySearch.SearchExistingElement
Command: "C:/Users/brach/OneDrive/Documents/Project-01/build/CollectionTests.exe" "--gtest_filter=SinglySearch.SearchExistingElement" "--gtest_also_run_disabled_tests"
Directory: C:/Users/brach/OneDrive/Documents/Project-01/build
"SinglySearch.SearchExistingElement" start time: Jul 07 16:43 India Standard Time
Output:
----------------------------------------------------------
Running main() from C:/Users/brach/OneDrive/Documents/Project-01/external/googletest/googletest/src/gtest_main.cc
Note: Google Test filter = SinglySearch.SearchExistingElement
[==========] Running 1 test from 1 test suite.
[----------] Global test environment set-up.
[----------] 1 test from SinglySearch
[ RUN      ] SinglySearch.SearchExistingElement
[       OK ] SinglySearch.SearchExistingElement (0 ms)
[----------] 1 test from SinglySearch (0 ms total)

[----------] Global test environment tear-down
[==========] 1 test from 1 test suite ran. (0 ms total)
[  PASSED  ] 1 test.
<end of output>
Test time =   0.01 sec
----------------------------------------------------------
Test Passed.
"SinglySearch.SearchExistingElement" end time: Jul 07 16:43 India Standard Time
"SinglySearch.SearchExistingElement" time elapsed: 00:00:00
----------------------------------------------------------

12/330 Testing: SinglySearch.SearchNonExistingElement
12/330 Test: SinglySearch.SearchNonExistingElement
Command: "C:/Users/brach/OneDrive/Documents/Project-01/build/CollectionTests.exe" "--gtest_filter=SinglySearch.SearchNonExistingElement" "--gtest_also_run_disabled_tests"
Directory: C:/Users/brach/OneDrive/Documents/Project-01/build
"SinglySearch.SearchNonExistingElement" start time: Jul 07 16:43 India Standard Time
Output:
----------------------------------------------------------
Running main() from C:/Users/brach/OneDrive/Documents/Project-01/external/googletest/googletest/src/gtest_main.cc
Note: Google Test filter = SinglySearch.SearchNonExistingElement
[==========] Running 1 test from 1 test suite.
[----------] Global test environment set-up.
[----------] 1 test from SinglySearch
[ RUN      ] SinglySearch.SearchNonExistingElement
[       OK ] SinglySearch.SearchNonExistingElement (0 ms)
[----------] 1 test from SinglySearch (0 ms total)

[----------] Global test environment tear-down
[==========] 1 test from 1 test suite ran. (0 ms total)
[  PASSED  ] 1 test.
<end of output>
Test time =   0.01 sec
----------------------------------------------------------
Test Passed.
"SinglySearch.SearchNonExistingElement" end time: Jul 07 16:43 India Standard Time
"SinglySearch.SearchNonExistingElement" time elapsed: 00:00:00
----------------------------------------------------------

13/330 Testing: SinglySearch.SearchAfterDeletion
13/330 Test: SinglySearch.SearchAfterDeletion
Command: "C:/Users/brach/OneDrive/Documents/Project-01/build/CollectionTests.exe" "--gtest_filter=SinglySearch.SearchAfterDeletion" "--gtest_also_run_disabled_tests"
Directory: C:/Users/brach/OneDrive/Documents/Project-01/build
"SinglySearch.SearchAfterDeletion" start time: Jul 07 16:43 India Standard Time
Output:
----------------------------------------------------------
Running main() from C:/Users/brach/OneDrive/Documents/Project-01/external/googletest/googletest/src/gtest_main.cc
Note: Google Test filter = SinglySearch.SearchAfterDeletion
[==========] Running 1 test from 1 test suite.
[----------] Global test environment set-up.
[----------] 1 test from SinglySearch
[ RUN      ] SinglySearch.SearchAfterDeletion
[       OK ] SinglySearch.SearchAfterDeletion (0 ms)
[----------] 1 test from SinglySearch (0 ms total)

[----------] Global test environment tear-down
[==========] 1 test from 1 test suite ran. (0 ms total)
[  PASSED  ] 1 test.
<end of output>
Test time =   0.01 sec
----------------------------------------------------------
Test Passed.
"SinglySearch.SearchAfterDeletion" end time: Jul 07 16:43 India Standard Time
"SinglySearch.SearchAfterDeletion" time elapsed: 00:00:00
----------------------------------------------------------

14/330 Testing: SinglySearch.SearchDuplicateValues
14/330 Test: SinglySearch.SearchDuplicateValues
Command: "C:/Users/brach/OneDrive/Documents/Project-01/build/CollectionTests.exe" "--gtest_filter=SinglySearch.SearchDuplicateValues" "--gtest_also_run_disabled_tests"
Directory: C:/Users/brach/OneDrive/Documents/Project-01/build
"SinglySearch.SearchDuplicateValues" start time: Jul 07 16:43 India Standard Time
Output:
----------------------------------------------------------
Running main() from C:/Users/brach/OneDrive/Documents/Project-01/external/googletest/googletest/src/gtest_main.cc
Note: Google Test filter = SinglySearch.SearchDuplicateValues
[==========] Running 1 test from 1 test suite.
[----------] Global test environment set-up.
[----------] 1 test from SinglySearch
[ RUN      ] SinglySearch.SearchDuplicateValues
[       OK ] SinglySearch.SearchDuplicateValues (0 ms)
[----------] 1 test from SinglySearch (0 ms total)

[----------] Global test environment tear-down
[==========] 1 test from 1 test suite ran. (0 ms total)
[  PASSED  ] 1 test.
<end of output>
Test time =   0.01 sec
----------------------------------------------------------
Test Passed.
"SinglySearch.SearchDuplicateValues" end time: Jul 07 16:43 India Standard Time
"SinglySearch.SearchDuplicateValues" time elapsed: 00:00:00
----------------------------------------------------------

15/330 Testing: SinglySearch.SearchNegativeValues
15/330 Test: SinglySearch.SearchNegativeValues
Command: "C:/Users/brach/OneDrive/Documents/Project-01/build/CollectionTests.exe" "--gtest_filter=SinglySearch.SearchNegativeValues" "--gtest_also_run_disabled_tests"
Directory: C:/Users/brach/OneDrive/Documents/Project-01/build
"SinglySearch.SearchNegativeValues" start time: Jul 07 16:43 India Standard Time
Output:
----------------------------------------------------------
Running main() from C:/Users/brach/OneDrive/Documents/Project-01/external/googletest/googletest/src/gtest_main.cc
Note: Google Test filter = SinglySearch.SearchNegativeValues
[==========] Running 1 test from 1 test suite.
[----------] Global test environment set-up.
[----------] 1 test from SinglySearch
[ RUN      ] SinglySearch.SearchNegativeValues
[       OK ] SinglySearch.SearchNegativeValues (0 ms)
[----------] 1 test from SinglySearch (0 ms total)

[----------] Global test environment tear-down
[==========] 1 test from 1 test suite ran. (0 ms total)
[  PASSED  ] 1 test.
<end of output>
Test time =   0.01 sec
----------------------------------------------------------
Test Passed.
"SinglySearch.SearchNegativeValues" end time: Jul 07 16:43 India Standard Time
"SinglySearch.SearchNegativeValues" time elapsed: 00:00:00
----------------------------------------------------------

16/330 Testing: SinglySearch.SearchAfterClear
16/330 Test: SinglySearch.SearchAfterClear
Command: "C:/Users/brach/OneDrive/Documents/Project-01/build/CollectionTests.exe" "--gtest_filter=SinglySearch.SearchAfterClear" "--gtest_also_run_disabled_tests"
Directory: C:/Users/brach/OneDrive/Documents/Project-01/build
"SinglySearch.SearchAfterClear" start time: Jul 07 16:43 India Standard Time
Output:
----------------------------------------------------------
Running main() from C:/Users/brach/OneDrive/Documents/Project-01/external/googletest/googletest/src/gtest_main.cc
Note: Google Test filter = SinglySearch.SearchAfterClear
[==========] Running 1 test from 1 test suite.
[----------] Global test environment set-up.
[----------] 1 test from SinglySearch
[ RUN      ] SinglySearch.SearchAfterClear
[       OK ] SinglySearch.SearchAfterClear (0 ms)
[----------] 1 test from SinglySearch (0 ms total)

[----------] Global test environment tear-down
[==========] 1 test from 1 test suite ran. (0 ms total)
[  PASSED  ] 1 test.
<end of output>
Test time =   0.02 sec
----------------------------------------------------------
Test Passed.
"SinglySearch.SearchAfterClear" end time: Jul 07 16:43 India Standard Time
"SinglySearch.SearchAfterClear" time elapsed: 00:00:00
----------------------------------------------------------

17/330 Testing: SinglySearch.StressSearch
17/330 Test: SinglySearch.StressSearch
Command: "C:/Users/brach/OneDrive/Documents/Project-01/build/CollectionTests.exe" "--gtest_filter=SinglySearch.StressSearch" "--gtest_also_run_disabled_tests"
Directory: C:/Users/brach/OneDrive/Documents/Project-01/build
"SinglySearch.StressSearch" start time: Jul 07 16:43 India Standard Time
Output:
----------------------------------------------------------
Running main() from C:/Users/brach/OneDrive/Documents/Project-01/external/googletest/googletest/src/gtest_main.cc
Note: Google Test filter = SinglySearch.StressSearch
[==========] Running 1 test from 1 test suite.
[----------] Global test environment set-up.
[----------] 1 test from SinglySearch
[ RUN      ] SinglySearch.StressSearch
[       OK ] SinglySearch.StressSearch (0 ms)
[----------] 1 test from SinglySearch (0 ms total)

[----------] Global test environment tear-down
[==========] 1 test from 1 test suite ran. (0 ms total)
[  PASSED  ] 1 test.
<end of output>
Test time =   0.01 sec
----------------------------------------------------------
Test Passed.
"SinglySearch.StressSearch" end time: Jul 07 16:43 India Standard Time
"SinglySearch.StressSearch" time elapsed: 00:00:00
----------------------------------------------------------

18/330 Testing: SinglyRemove.RemoveFirstElement
18/330 Test: SinglyRemove.RemoveFirstElement
Command: "C:/Users/brach/OneDrive/Documents/Project-01/build/CollectionTests.exe" "--gtest_filter=SinglyRemove.RemoveFirstElement" "--gtest_also_run_disabled_tests"
Directory: C:/Users/brach/OneDrive/Documents/Project-01/build
"SinglyRemove.RemoveFirstElement" start time: Jul 07 16:43 India Standard Time
Output:
----------------------------------------------------------
Running main() from C:/Users/brach/OneDrive/Documents/Project-01/external/googletest/googletest/src/gtest_main.cc
Note: Google Test filter = SinglyRemove.RemoveFirstElement
[==========] Running 1 test from 1 test suite.
[----------] Global test environment set-up.
[----------] 1 test from SinglyRemove
[ RUN      ] SinglyRemove.RemoveFirstElement
[       OK ] SinglyRemove.RemoveFirstElement (0 ms)
[----------] 1 test from SinglyRemove (0 ms total)

[----------] Global test environment tear-down
[==========] 1 test from 1 test suite ran. (0 ms total)
[  PASSED  ] 1 test.
<end of output>
Test time =   0.01 sec
----------------------------------------------------------
Test Passed.
"SinglyRemove.RemoveFirstElement" end time: Jul 07 16:43 India Standard Time
"SinglyRemove.RemoveFirstElement" time elapsed: 00:00:00
----------------------------------------------------------

19/330 Testing: SinglyRemove.RemoveLastElement
19/330 Test: SinglyRemove.RemoveLastElement
Command: "C:/Users/brach/OneDrive/Documents/Project-01/build/CollectionTests.exe" "--gtest_filter=SinglyRemove.RemoveLastElement" "--gtest_also_run_disabled_tests"
Directory: C:/Users/brach/OneDrive/Documents/Project-01/build
"SinglyRemove.RemoveLastElement" start time: Jul 07 16:43 India Standard Time
Output:
----------------------------------------------------------
Running main() from C:/Users/brach/OneDrive/Documents/Project-01/external/googletest/googletest/src/gtest_main.cc
Note: Google Test filter = SinglyRemove.RemoveLastElement
[==========] Running 1 test from 1 test suite.
[----------] Global test environment set-up.
[----------] 1 test from SinglyRemove
[ RUN      ] SinglyRemove.RemoveLastElement
[       OK ] SinglyRemove.RemoveLastElement (0 ms)
[----------] 1 test from SinglyRemove (0 ms total)

[----------] Global test environment tear-down
[==========] 1 test from 1 test suite ran. (0 ms total)
[  PASSED  ] 1 test.
<end of output>
Test time =   0.01 sec
----------------------------------------------------------
Test Passed.
"SinglyRemove.RemoveLastElement" end time: Jul 07 16:43 India Standard Time
"SinglyRemove.RemoveLastElement" time elapsed: 00:00:00
----------------------------------------------------------

20/330 Testing: SinglyRemove.RemoveMiddleElement
20/330 Test: SinglyRemove.RemoveMiddleElement
Command: "C:/Users/brach/OneDrive/Documents/Project-01/build/CollectionTests.exe" "--gtest_filter=SinglyRemove.RemoveMiddleElement" "--gtest_also_run_disabled_tests"
Directory: C:/Users/brach/OneDrive/Documents/Project-01/build
"SinglyRemove.RemoveMiddleElement" start time: Jul 07 16:43 India Standard Time
Output:
----------------------------------------------------------
Running main() from C:/Users/brach/OneDrive/Documents/Project-01/external/googletest/googletest/src/gtest_main.cc
Note: Google Test filter = SinglyRemove.RemoveMiddleElement
[==========] Running 1 test from 1 test suite.
[----------] Global test environment set-up.
[----------] 1 test from SinglyRemove
[ RUN      ] SinglyRemove.RemoveMiddleElement
[       OK ] SinglyRemove.RemoveMiddleElement (0 ms)
[----------] 1 test from SinglyRemove (0 ms total)

[----------] Global test environment tear-down
[==========] 1 test from 1 test suite ran. (0 ms total)
[  PASSED  ] 1 test.
<end of output>
Test time =   0.01 sec
----------------------------------------------------------
Test Passed.
"SinglyRemove.RemoveMiddleElement" end time: Jul 07 16:43 India Standard Time
"SinglyRemove.RemoveMiddleElement" time elapsed: 00:00:00
----------------------------------------------------------

21/330 Testing: SinglyRemove.RemoveMiddleRepeatedly
21/330 Test: SinglyRemove.RemoveMiddleRepeatedly
Command: "C:/Users/brach/OneDrive/Documents/Project-01/build/CollectionTests.exe" "--gtest_filter=SinglyRemove.RemoveMiddleRepeatedly" "--gtest_also_run_disabled_tests"
Directory: C:/Users/brach/OneDrive/Documents/Project-01/build
"SinglyRemove.RemoveMiddleRepeatedly" start time: Jul 07 16:43 India Standard Time
Output:
----------------------------------------------------------
Running main() from C:/Users/brach/OneDrive/Documents/Project-01/external/googletest/googletest/src/gtest_main.cc
Note: Google Test filter = SinglyRemove.RemoveMiddleRepeatedly
[==========] Running 1 test from 1 test suite.
[----------] Global test environment set-up.
[----------] 1 test from SinglyRemove
[ RUN      ] SinglyRemove.RemoveMiddleRepeatedly
[       OK ] SinglyRemove.RemoveMiddleRepeatedly (0 ms)
[----------] 1 test from SinglyRemove (0 ms total)

[----------] Global test environment tear-down
[==========] 1 test from 1 test suite ran. (0 ms total)
[  PASSED  ] 1 test.
<end of output>
Test time =   0.01 sec
----------------------------------------------------------
Test Passed.
"SinglyRemove.RemoveMiddleRepeatedly" end time: Jul 07 16:43 India Standard Time
"SinglyRemove.RemoveMiddleRepeatedly" time elapsed: 00:00:00
----------------------------------------------------------

22/330 Testing: SinglyRemove.RemoveUntilEmpty
22/330 Test: SinglyRemove.RemoveUntilEmpty
Command: "C:/Users/brach/OneDrive/Documents/Project-01/build/CollectionTests.exe" "--gtest_filter=SinglyRemove.RemoveUntilEmpty" "--gtest_also_run_disabled_tests"
Directory: C:/Users/brach/OneDrive/Documents/Project-01/build
"SinglyRemove.RemoveUntilEmpty" start time: Jul 07 16:43 India Standard Time
Output:
----------------------------------------------------------
Running main() from C:/Users/brach/OneDrive/Documents/Project-01/external/googletest/googletest/src/gtest_main.cc
Note: Google Test filter = SinglyRemove.RemoveUntilEmpty
[==========] Running 1 test from 1 test suite.
[----------] Global test environment set-up.
[----------] 1 test from SinglyRemove
[ RUN      ] SinglyRemove.RemoveUntilEmpty
[       OK ] SinglyRemove.RemoveUntilEmpty (0 ms)
[----------] 1 test from SinglyRemove (0 ms total)

[----------] Global test environment tear-down
[==========] 1 test from 1 test suite ran. (0 ms total)
[  PASSED  ] 1 test.
<end of output>
Test time =   0.01 sec
----------------------------------------------------------
Test Passed.
"SinglyRemove.RemoveUntilEmpty" end time: Jul 07 16:43 India Standard Time
"SinglyRemove.RemoveUntilEmpty" time elapsed: 00:00:00
----------------------------------------------------------

23/330 Testing: SinglyRemove.RemoveNegativeIndex
23/330 Test: SinglyRemove.RemoveNegativeIndex
Command: "C:/Users/brach/OneDrive/Documents/Project-01/build/CollectionTests.exe" "--gtest_filter=SinglyRemove.RemoveNegativeIndex" "--gtest_also_run_disabled_tests"
Directory: C:/Users/brach/OneDrive/Documents/Project-01/build
"SinglyRemove.RemoveNegativeIndex" start time: Jul 07 16:43 India Standard Time
Output:
----------------------------------------------------------
Running main() from C:/Users/brach/OneDrive/Documents/Project-01/external/googletest/googletest/src/gtest_main.cc
Note: Google Test filter = SinglyRemove.RemoveNegativeIndex
[==========] Running 1 test from 1 test suite.
[----------] Global test environment set-up.
[----------] 1 test from SinglyRemove
[ RUN      ] SinglyRemove.RemoveNegativeIndex
[       OK ] SinglyRemove.RemoveNegativeIndex (0 ms)
[----------] 1 test from SinglyRemove (0 ms total)

[----------] Global test environment tear-down
[==========] 1 test from 1 test suite ran. (0 ms total)
[  PASSED  ] 1 test.
<end of output>
Test time =   0.01 sec
----------------------------------------------------------
Test Passed.
"SinglyRemove.RemoveNegativeIndex" end time: Jul 07 16:43 India Standard Time
"SinglyRemove.RemoveNegativeIndex" time elapsed: 00:00:00
----------------------------------------------------------

24/330 Testing: SinglyRemove.RemovePastEnd
24/330 Test: SinglyRemove.RemovePastEnd
Command: "C:/Users/brach/OneDrive/Documents/Project-01/build/CollectionTests.exe" "--gtest_filter=SinglyRemove.RemovePastEnd" "--gtest_also_run_disabled_tests"
Directory: C:/Users/brach/OneDrive/Documents/Project-01/build
"SinglyRemove.RemovePastEnd" start time: Jul 07 16:43 India Standard Time
Output:
----------------------------------------------------------
Running main() from C:/Users/brach/OneDrive/Documents/Project-01/external/googletest/googletest/src/gtest_main.cc
Note: Google Test filter = SinglyRemove.RemovePastEnd
[==========] Running 1 test from 1 test suite.
[----------] Global test environment set-up.
[----------] 1 test from SinglyRemove
[ RUN      ] SinglyRemove.RemovePastEnd
[       OK ] SinglyRemove.RemovePastEnd (0 ms)
[----------] 1 test from SinglyRemove (0 ms total)

[----------] Global test environment tear-down
[==========] 1 test from 1 test suite ran. (0 ms total)
[  PASSED  ] 1 test.
<end of output>
Test time =   0.01 sec
----------------------------------------------------------
Test Passed.
"SinglyRemove.RemovePastEnd" end time: Jul 07 16:43 India Standard Time
"SinglyRemove.RemovePastEnd" time elapsed: 00:00:00
----------------------------------------------------------

25/330 Testing: SinglyRemove.RemoveFromEmptyList
25/330 Test: SinglyRemove.RemoveFromEmptyList
Command: "C:/Users/brach/OneDrive/Documents/Project-01/build/CollectionTests.exe" "--gtest_filter=SinglyRemove.RemoveFromEmptyList" "--gtest_also_run_disabled_tests"
Directory: C:/Users/brach/OneDrive/Documents/Project-01/build
"SinglyRemove.RemoveFromEmptyList" start time: Jul 07 16:43 India Standard Time
Output:
----------------------------------------------------------
Running main() from C:/Users/brach/OneDrive/Documents/Project-01/external/googletest/googletest/src/gtest_main.cc
Note: Google Test filter = SinglyRemove.RemoveFromEmptyList
[==========] Running 1 test from 1 test suite.
[----------] Global test environment set-up.
[----------] 1 test from SinglyRemove
[ RUN      ] SinglyRemove.RemoveFromEmptyList
[       OK ] SinglyRemove.RemoveFromEmptyList (0 ms)
[----------] 1 test from SinglyRemove (0 ms total)

[----------] Global test environment tear-down
[==========] 1 test from 1 test suite ran. (0 ms total)
[  PASSED  ] 1 test.
<end of output>
Test time =   0.01 sec
----------------------------------------------------------
Test Passed.
"SinglyRemove.RemoveFromEmptyList" end time: Jul 07 16:43 India Standard Time
"SinglyRemove.RemoveFromEmptyList" time elapsed: 00:00:00
----------------------------------------------------------

26/330 Testing: SinglyRemove.MixedInsertRemoveOperations
26/330 Test: SinglyRemove.MixedInsertRemoveOperations
Command: "C:/Users/brach/OneDrive/Documents/Project-01/build/CollectionTests.exe" "--gtest_filter=SinglyRemove.MixedInsertRemoveOperations" "--gtest_also_run_disabled_tests"
Directory: C:/Users/brach/OneDrive/Documents/Project-01/build
"SinglyRemove.MixedInsertRemoveOperations" start time: Jul 07 16:43 India Standard Time
Output:
----------------------------------------------------------
Running main() from C:/Users/brach/OneDrive/Documents/Project-01/external/googletest/googletest/src/gtest_main.cc
Note: Google Test filter = SinglyRemove.MixedInsertRemoveOperations
[==========] Running 1 test from 1 test suite.
[----------] Global test environment set-up.
[----------] 1 test from SinglyRemove
[ RUN      ] SinglyRemove.MixedInsertRemoveOperations
[       OK ] SinglyRemove.MixedInsertRemoveOperations (0 ms)
[----------] 1 test from SinglyRemove (0 ms total)

[----------] Global test environment tear-down
[==========] 1 test from 1 test suite ran. (0 ms total)
[  PASSED  ] 1 test.
<end of output>
Test time =   0.01 sec
----------------------------------------------------------
Test Passed.
"SinglyRemove.MixedInsertRemoveOperations" end time: Jul 07 16:43 India Standard Time
"SinglyRemove.MixedInsertRemoveOperations" time elapsed: 00:00:00
----------------------------------------------------------

27/330 Testing: SinglyRemove.StressRemove
27/330 Test: SinglyRemove.StressRemove
Command: "C:/Users/brach/OneDrive/Documents/Project-01/build/CollectionTests.exe" "--gtest_filter=SinglyRemove.StressRemove" "--gtest_also_run_disabled_tests"
Directory: C:/Users/brach/OneDrive/Documents/Project-01/build
"SinglyRemove.StressRemove" start time: Jul 07 16:43 India Standard Time
Output:
----------------------------------------------------------
Running main() from C:/Users/brach/OneDrive/Documents/Project-01/external/googletest/googletest/src/gtest_main.cc
Note: Google Test filter = SinglyRemove.StressRemove
[==========] Running 1 test from 1 test suite.
[----------] Global test environment set-up.
[----------] 1 test from SinglyRemove
[ RUN      ] SinglyRemove.StressRemove
[       OK ] SinglyRemove.StressRemove (0 ms)
[----------] 1 test from SinglyRemove (0 ms total)

[----------] Global test environment tear-down
[==========] 1 test from 1 test suite ran. (0 ms total)
[  PASSED  ] 1 test.
<end of output>
Test time =   0.01 sec
----------------------------------------------------------
Test Passed.
"SinglyRemove.StressRemove" end time: Jul 07 16:43 India Standard Time
"SinglyRemove.StressRemove" time elapsed: 00:00:00
----------------------------------------------------------

28/330 Testing: SinglyInsertFront.ReverseOrderCheck
28/330 Test: SinglyInsertFront.ReverseOrderCheck
Command: "C:/Users/brach/OneDrive/Documents/Project-01/build/CollectionTests.exe" "--gtest_filter=SinglyInsertFront.ReverseOrderCheck" "--gtest_also_run_disabled_tests"
Directory: C:/Users/brach/OneDrive/Documents/Project-01/build
"SinglyInsertFront.ReverseOrderCheck" start time: Jul 07 16:43 India Standard Time
Output:
----------------------------------------------------------
Running main() from C:/Users/brach/OneDrive/Documents/Project-01/external/googletest/googletest/src/gtest_main.cc
Note: Google Test filter = SinglyInsertFront.ReverseOrderCheck
[==========] Running 1 test from 1 test suite.
[----------] Global test environment set-up.
[----------] 1 test from SinglyInsertFront
[ RUN      ] SinglyInsertFront.ReverseOrderCheck
[       OK ] SinglyInsertFront.ReverseOrderCheck (0 ms)
[----------] 1 test from SinglyInsertFront (0 ms total)

[----------] Global test environment tear-down
[==========] 1 test from 1 test suite ran. (0 ms total)
[  PASSED  ] 1 test.
<end of output>
Test time =   0.01 sec
----------------------------------------------------------
Test Passed.
"SinglyInsertFront.ReverseOrderCheck" end time: Jul 07 16:43 India Standard Time
"SinglyInsertFront.ReverseOrderCheck" time elapsed: 00:00:00
----------------------------------------------------------

29/330 Testing: SinglyInsertFront.InsertIntoEmptyList
29/330 Test: SinglyInsertFront.InsertIntoEmptyList
Command: "C:/Users/brach/OneDrive/Documents/Project-01/build/CollectionTests.exe" "--gtest_filter=SinglyInsertFront.InsertIntoEmptyList" "--gtest_also_run_disabled_tests"
Directory: C:/Users/brach/OneDrive/Documents/Project-01/build
"SinglyInsertFront.InsertIntoEmptyList" start time: Jul 07 16:43 India Standard Time
Output:
----------------------------------------------------------
Running main() from C:/Users/brach/OneDrive/Documents/Project-01/external/googletest/googletest/src/gtest_main.cc
Note: Google Test filter = SinglyInsertFront.InsertIntoEmptyList
[==========] Running 1 test from 1 test suite.
[----------] Global test environment set-up.
[----------] 1 test from SinglyInsertFront
[ RUN      ] SinglyInsertFront.InsertIntoEmptyList
[       OK ] SinglyInsertFront.InsertIntoEmptyList (0 ms)
[----------] 1 test from SinglyInsertFront (0 ms total)

[----------] Global test environment tear-down
[==========] 1 test from 1 test suite ran. (0 ms total)
[  PASSED  ] 1 test.
<end of output>
Test time =   0.01 sec
----------------------------------------------------------
Test Passed.
"SinglyInsertFront.InsertIntoEmptyList" end time: Jul 07 16:43 India Standard Time
"SinglyInsertFront.InsertIntoEmptyList" time elapsed: 00:00:00
----------------------------------------------------------

30/330 Testing: SinglyInsertFront.InsertMultipleElements
30/330 Test: SinglyInsertFront.InsertMultipleElements
Command: "C:/Users/brach/OneDrive/Documents/Project-01/build/CollectionTests.exe" "--gtest_filter=SinglyInsertFront.InsertMultipleElements" "--gtest_also_run_disabled_tests"
Directory: C:/Users/brach/OneDrive/Documents/Project-01/build
"SinglyInsertFront.InsertMultipleElements" start time: Jul 07 16:43 India Standard Time
Output:
----------------------------------------------------------
Running main() from C:/Users/brach/OneDrive/Documents/Project-01/external/googletest/googletest/src/gtest_main.cc
Note: Google Test filter = SinglyInsertFront.InsertMultipleElements
[==========] Running 1 test from 1 test suite.
[----------] Global test environment set-up.
[----------] 1 test from SinglyInsertFront
[ RUN      ] SinglyInsertFront.InsertMultipleElements
[       OK ] SinglyInsertFront.InsertMultipleElements (0 ms)
[----------] 1 test from SinglyInsertFront (0 ms total)

[----------] Global test environment tear-down
[==========] 1 test from 1 test suite ran. (0 ms total)
[  PASSED  ] 1 test.
<end of output>
Test time =   0.01 sec
----------------------------------------------------------
Test Passed.
"SinglyInsertFront.InsertMultipleElements" end time: Jul 07 16:43 India Standard Time
"SinglyInsertFront.InsertMultipleElements" time elapsed: 00:00:00
----------------------------------------------------------

31/330 Testing: SinglyInsertFront.InsertLargeNumberOfElements
31/330 Test: SinglyInsertFront.InsertLargeNumberOfElements
Command: "C:/Users/brach/OneDrive/Documents/Project-01/build/CollectionTests.exe" "--gtest_filter=SinglyInsertFront.InsertLargeNumberOfElements" "--gtest_also_run_disabled_tests"
Directory: C:/Users/brach/OneDrive/Documents/Project-01/build
"SinglyInsertFront.InsertLargeNumberOfElements" start time: Jul 07 16:43 India Standard Time
Output:
----------------------------------------------------------
Running main() from C:/Users/brach/OneDrive/Documents/Project-01/external/googletest/googletest/src/gtest_main.cc
Note: Google Test filter = SinglyInsertFront.InsertLargeNumberOfElements
[==========] Running 1 test from 1 test suite.
[----------] Global test environment set-up.
[----------] 1 test from SinglyInsertFront
[ RUN      ] SinglyInsertFront.InsertLargeNumberOfElements
[       OK ] SinglyInsertFront.InsertLargeNumberOfElements (0 ms)
[----------] 1 test from SinglyInsertFront (0 ms total)

[----------] Global test environment tear-down
[==========] 1 test from 1 test suite ran. (0 ms total)
[  PASSED  ] 1 test.
<end of output>
Test time =   0.02 sec
----------------------------------------------------------
Test Passed.
"SinglyInsertFront.InsertLargeNumberOfElements" end time: Jul 07 16:43 India Standard Time
"SinglyInsertFront.InsertLargeNumberOfElements" time elapsed: 00:00:00
----------------------------------------------------------

32/330 Testing: SinglyInsertFront.InsertDuplicateValues
32/330 Test: SinglyInsertFront.InsertDuplicateValues
Command: "C:/Users/brach/OneDrive/Documents/Project-01/build/CollectionTests.exe" "--gtest_filter=SinglyInsertFront.InsertDuplicateValues" "--gtest_also_run_disabled_tests"
Directory: C:/Users/brach/OneDrive/Documents/Project-01/build
"SinglyInsertFront.InsertDuplicateValues" start time: Jul 07 16:43 India Standard Time
Output:
----------------------------------------------------------
Running main() from C:/Users/brach/OneDrive/Documents/Project-01/external/googletest/googletest/src/gtest_main.cc
Note: Google Test filter = SinglyInsertFront.InsertDuplicateValues
[==========] Running 1 test from 1 test suite.
[----------] Global test environment set-up.
[----------] 1 test from SinglyInsertFront
[ RUN      ] SinglyInsertFront.InsertDuplicateValues
[       OK ] SinglyInsertFront.InsertDuplicateValues (0 ms)
[----------] 1 test from SinglyInsertFront (0 ms total)

[----------] Global test environment tear-down
[==========] 1 test from 1 test suite ran. (0 ms total)
[  PASSED  ] 1 test.
<end of output>
Test time =   0.02 sec
----------------------------------------------------------
Test Passed.
"SinglyInsertFront.InsertDuplicateValues" end time: Jul 07 16:43 India Standard Time
"SinglyInsertFront.InsertDuplicateValues" time elapsed: 00:00:00
----------------------------------------------------------

33/330 Testing: SinglyInsertFront.AlternateFrontAndBackInsertion
33/330 Test: SinglyInsertFront.AlternateFrontAndBackInsertion
Command: "C:/Users/brach/OneDrive/Documents/Project-01/build/CollectionTests.exe" "--gtest_filter=SinglyInsertFront.AlternateFrontAndBackInsertion" "--gtest_also_run_disabled_tests"
Directory: C:/Users/brach/OneDrive/Documents/Project-01/build
"SinglyInsertFront.AlternateFrontAndBackInsertion" start time: Jul 07 16:43 India Standard Time
Output:
----------------------------------------------------------
Running main() from C:/Users/brach/OneDrive/Documents/Project-01/external/googletest/googletest/src/gtest_main.cc
Note: Google Test filter = SinglyInsertFront.AlternateFrontAndBackInsertion
[==========] Running 1 test from 1 test suite.
[----------] Global test environment set-up.
[----------] 1 test from SinglyInsertFront
[ RUN      ] SinglyInsertFront.AlternateFrontAndBackInsertion
[       OK ] SinglyInsertFront.AlternateFrontAndBackInsertion (0 ms)
[----------] 1 test from SinglyInsertFront (0 ms total)

[----------] Global test environment tear-down
[==========] 1 test from 1 test suite ran. (0 ms total)
[  PASSED  ] 1 test.
<end of output>
Test time =   0.01 sec
----------------------------------------------------------
Test Passed.
"SinglyInsertFront.AlternateFrontAndBackInsertion" end time: Jul 07 16:43 India Standard Time
"SinglyInsertFront.AlternateFrontAndBackInsertion" time elapsed: 00:00:00
----------------------------------------------------------

34/330 Testing: SinglyInsertFront.SearchAfterInsertions
34/330 Test: SinglyInsertFront.SearchAfterInsertions
Command: "C:/Users/brach/OneDrive/Documents/Project-01/build/CollectionTests.exe" "--gtest_filter=SinglyInsertFront.SearchAfterInsertions" "--gtest_also_run_disabled_tests"
Directory: C:/Users/brach/OneDrive/Documents/Project-01/build
"SinglyInsertFront.SearchAfterInsertions" start time: Jul 07 16:43 India Standard Time
Output:
----------------------------------------------------------
Running main() from C:/Users/brach/OneDrive/Documents/Project-01/external/googletest/googletest/src/gtest_main.cc
Note: Google Test filter = SinglyInsertFront.SearchAfterInsertions
[==========] Running 1 test from 1 test suite.
[----------] Global test environment set-up.
[----------] 1 test from SinglyInsertFront
[ RUN      ] SinglyInsertFront.SearchAfterInsertions
[       OK ] SinglyInsertFront.SearchAfterInsertions (0 ms)
[----------] 1 test from SinglyInsertFront (0 ms total)

[----------] Global test environment tear-down
[==========] 1 test from 1 test suite ran. (0 ms total)
[  PASSED  ] 1 test.
<end of output>
Test time =   0.02 sec
----------------------------------------------------------
Test Passed.
"SinglyInsertFront.SearchAfterInsertions" end time: Jul 07 16:43 India Standard Time
"SinglyInsertFront.SearchAfterInsertions" time elapsed: 00:00:00
----------------------------------------------------------

35/330 Testing: SinglyInsertFront.ContinuousInsertAndRemove
35/330 Test: SinglyInsertFront.ContinuousInsertAndRemove
Command: "C:/Users/brach/OneDrive/Documents/Project-01/build/CollectionTests.exe" "--gtest_filter=SinglyInsertFront.ContinuousInsertAndRemove" "--gtest_also_run_disabled_tests"
Directory: C:/Users/brach/OneDrive/Documents/Project-01/build
"SinglyInsertFront.ContinuousInsertAndRemove" start time: Jul 07 16:43 India Standard Time
Output:
----------------------------------------------------------
Running main() from C:/Users/brach/OneDrive/Documents/Project-01/external/googletest/googletest/src/gtest_main.cc
Note: Google Test filter = SinglyInsertFront.ContinuousInsertAndRemove
[==========] Running 1 test from 1 test suite.
[----------] Global test environment set-up.
[----------] 1 test from SinglyInsertFront
[ RUN      ] SinglyInsertFront.ContinuousInsertAndRemove
[       OK ] SinglyInsertFront.ContinuousInsertAndRemove (0 ms)
[----------] 1 test from SinglyInsertFront (0 ms total)

[----------] Global test environment tear-down
[==========] 1 test from 1 test suite ran. (0 ms total)
[  PASSED  ] 1 test.
<end of output>
Test time =   0.02 sec
----------------------------------------------------------
Test Passed.
"SinglyInsertFront.ContinuousInsertAndRemove" end time: Jul 07 16:43 India Standard Time
"SinglyInsertFront.ContinuousInsertAndRemove" time elapsed: 00:00:00
----------------------------------------------------------

36/330 Testing: SinglyInsertFront.InsertNegativeValues
36/330 Test: SinglyInsertFront.InsertNegativeValues
Command: "C:/Users/brach/OneDrive/Documents/Project-01/build/CollectionTests.exe" "--gtest_filter=SinglyInsertFront.InsertNegativeValues" "--gtest_also_run_disabled_tests"
Directory: C:/Users/brach/OneDrive/Documents/Project-01/build
"SinglyInsertFront.InsertNegativeValues" start time: Jul 07 16:43 India Standard Time
Output:
----------------------------------------------------------
Running main() from C:/Users/brach/OneDrive/Documents/Project-01/external/googletest/googletest/src/gtest_main.cc
Note: Google Test filter = SinglyInsertFront.InsertNegativeValues
[==========] Running 1 test from 1 test suite.
[----------] Global test environment set-up.
[----------] 1 test from SinglyInsertFront
[ RUN      ] SinglyInsertFront.InsertNegativeValues
[       OK ] SinglyInsertFront.InsertNegativeValues (0 ms)
[----------] 1 test from SinglyInsertFront (0 ms total)

[----------] Global test environment tear-down
[==========] 1 test from 1 test suite ran. (0 ms total)
[  PASSED  ] 1 test.
<end of output>
Test time =   0.02 sec
----------------------------------------------------------
Test Passed.
"SinglyInsertFront.InsertNegativeValues" end time: Jul 07 16:43 India Standard Time
"SinglyInsertFront.InsertNegativeValues" time elapsed: 00:00:00
----------------------------------------------------------

37/330 Testing: SinglyInsertBack.InsertIntoEmptyList
37/330 Test: SinglyInsertBack.InsertIntoEmptyList
Command: "C:/Users/brach/OneDrive/Documents/Project-01/build/CollectionTests.exe" "--gtest_filter=SinglyInsertBack.InsertIntoEmptyList" "--gtest_also_run_disabled_tests"
Directory: C:/Users/brach/OneDrive/Documents/Project-01/build
"SinglyInsertBack.InsertIntoEmptyList" start time: Jul 07 16:43 India Standard Time
Output:
----------------------------------------------------------
Running main() from C:/Users/brach/OneDrive/Documents/Project-01/external/googletest/googletest/src/gtest_main.cc
Note: Google Test filter = SinglyInsertBack.InsertIntoEmptyList
[==========] Running 1 test from 1 test suite.
[----------] Global test environment set-up.
[----------] 1 test from SinglyInsertBack
[ RUN      ] SinglyInsertBack.InsertIntoEmptyList
[       OK ] SinglyInsertBack.InsertIntoEmptyList (0 ms)
[----------] 1 test from SinglyInsertBack (0 ms total)

[----------] Global test environment tear-down
[==========] 1 test from 1 test suite ran. (0 ms total)
[  PASSED  ] 1 test.
<end of output>
Test time =   0.02 sec
----------------------------------------------------------
Test Passed.
"SinglyInsertBack.InsertIntoEmptyList" end time: Jul 07 16:43 India Standard Time
"SinglyInsertBack.InsertIntoEmptyList" time elapsed: 00:00:00
----------------------------------------------------------

38/330 Testing: SinglyInsertBack.InsertMultipleElements
38/330 Test: SinglyInsertBack.InsertMultipleElements
Command: "C:/Users/brach/OneDrive/Documents/Project-01/build/CollectionTests.exe" "--gtest_filter=SinglyInsertBack.InsertMultipleElements" "--gtest_also_run_disabled_tests"
Directory: C:/Users/brach/OneDrive/Documents/Project-01/build
"SinglyInsertBack.InsertMultipleElements" start time: Jul 07 16:43 India Standard Time
Output:
----------------------------------------------------------
Running main() from C:/Users/brach/OneDrive/Documents/Project-01/external/googletest/googletest/src/gtest_main.cc
Note: Google Test filter = SinglyInsertBack.InsertMultipleElements
[==========] Running 1 test from 1 test suite.
[----------] Global test environment set-up.
[----------] 1 test from SinglyInsertBack
[ RUN      ] SinglyInsertBack.InsertMultipleElements
[       OK ] SinglyInsertBack.InsertMultipleElements (0 ms)
[----------] 1 test from SinglyInsertBack (0 ms total)

[----------] Global test environment tear-down
[==========] 1 test from 1 test suite ran. (0 ms total)
[  PASSED  ] 1 test.
<end of output>
Test time =   0.01 sec
----------------------------------------------------------
Test Passed.
"SinglyInsertBack.InsertMultipleElements" end time: Jul 07 16:43 India Standard Time
"SinglyInsertBack.InsertMultipleElements" time elapsed: 00:00:00
----------------------------------------------------------

39/330 Testing: SinglyInsertBack.InsertLargeNumberOfElements
39/330 Test: SinglyInsertBack.InsertLargeNumberOfElements
Command: "C:/Users/brach/OneDrive/Documents/Project-01/build/CollectionTests.exe" "--gtest_filter=SinglyInsertBack.InsertLargeNumberOfElements" "--gtest_also_run_disabled_tests"
Directory: C:/Users/brach/OneDrive/Documents/Project-01/build
"SinglyInsertBack.InsertLargeNumberOfElements" start time: Jul 07 16:43 India Standard Time
Output:
----------------------------------------------------------
Running main() from C:/Users/brach/OneDrive/Documents/Project-01/external/googletest/googletest/src/gtest_main.cc
Note: Google Test filter = SinglyInsertBack.InsertLargeNumberOfElements
[==========] Running 1 test from 1 test suite.
[----------] Global test environment set-up.
[----------] 1 test from SinglyInsertBack
[ RUN      ] SinglyInsertBack.InsertLargeNumberOfElements
[       OK ] SinglyInsertBack.InsertLargeNumberOfElements (0 ms)
[----------] 1 test from SinglyInsertBack (0 ms total)

[----------] Global test environment tear-down
[==========] 1 test from 1 test suite ran. (0 ms total)
[  PASSED  ] 1 test.
<end of output>
Test time =   0.02 sec
----------------------------------------------------------
Test Passed.
"SinglyInsertBack.InsertLargeNumberOfElements" end time: Jul 07 16:43 India Standard Time
"SinglyInsertBack.InsertLargeNumberOfElements" time elapsed: 00:00:00
----------------------------------------------------------

40/330 Testing: SinglyInsertBack.InsertDuplicateValues
40/330 Test: SinglyInsertBack.InsertDuplicateValues
Command: "C:/Users/brach/OneDrive/Documents/Project-01/build/CollectionTests.exe" "--gtest_filter=SinglyInsertBack.InsertDuplicateValues" "--gtest_also_run_disabled_tests"
Directory: C:/Users/brach/OneDrive/Documents/Project-01/build
"SinglyInsertBack.InsertDuplicateValues" start time: Jul 07 16:43 India Standard Time
Output:
----------------------------------------------------------
Running main() from C:/Users/brach/OneDrive/Documents/Project-01/external/googletest/googletest/src/gtest_main.cc
Note: Google Test filter = SinglyInsertBack.InsertDuplicateValues
[==========] Running 1 test from 1 test suite.
[----------] Global test environment set-up.
[----------] 1 test from SinglyInsertBack
[ RUN      ] SinglyInsertBack.InsertDuplicateValues
[       OK ] SinglyInsertBack.InsertDuplicateValues (0 ms)
[----------] 1 test from SinglyInsertBack (0 ms total)

[----------] Global test environment tear-down
[==========] 1 test from 1 test suite ran. (0 ms total)
[  PASSED  ] 1 test.
<end of output>
Test time =   0.02 sec
----------------------------------------------------------
Test Passed.
"SinglyInsertBack.InsertDuplicateValues" end time: Jul 07 16:43 India Standard Time
"SinglyInsertBack.InsertDuplicateValues" time elapsed: 00:00:00
----------------------------------------------------------

41/330 Testing: SinglyInsertBack.AlternateFrontBackInsertions
41/330 Test: SinglyInsertBack.AlternateFrontBackInsertions
Command: "C:/Users/brach/OneDrive/Documents/Project-01/build/CollectionTests.exe" "--gtest_filter=SinglyInsertBack.AlternateFrontBackInsertions" "--gtest_also_run_disabled_tests"
Directory: C:/Users/brach/OneDrive/Documents/Project-01/build
"SinglyInsertBack.AlternateFrontBackInsertions" start time: Jul 07 16:43 India Standard Time
Output:
----------------------------------------------------------
Running main() from C:/Users/brach/OneDrive/Documents/Project-01/external/googletest/googletest/src/gtest_main.cc
Note: Google Test filter = SinglyInsertBack.AlternateFrontBackInsertions
[==========] Running 1 test from 1 test suite.
[----------] Global test environment set-up.
[----------] 1 test from SinglyInsertBack
[ RUN      ] SinglyInsertBack.AlternateFrontBackInsertions
[       OK ] SinglyInsertBack.AlternateFrontBackInsertions (0 ms)
[----------] 1 test from SinglyInsertBack (0 ms total)

[----------] Global test environment tear-down
[==========] 1 test from 1 test suite ran. (0 ms total)
[  PASSED  ] 1 test.
<end of output>
Test time =   0.02 sec
----------------------------------------------------------
Test Passed.
"SinglyInsertBack.AlternateFrontBackInsertions" end time: Jul 07 16:43 India Standard Time
"SinglyInsertBack.AlternateFrontBackInsertions" time elapsed: 00:00:00
----------------------------------------------------------

42/330 Testing: SinglyInsertBack.DeleteBackAfterInsertion
42/330 Test: SinglyInsertBack.DeleteBackAfterInsertion
Command: "C:/Users/brach/OneDrive/Documents/Project-01/build/CollectionTests.exe" "--gtest_filter=SinglyInsertBack.DeleteBackAfterInsertion" "--gtest_also_run_disabled_tests"
Directory: C:/Users/brach/OneDrive/Documents/Project-01/build
"SinglyInsertBack.DeleteBackAfterInsertion" start time: Jul 07 16:43 India Standard Time
Output:
----------------------------------------------------------
Running main() from C:/Users/brach/OneDrive/Documents/Project-01/external/googletest/googletest/src/gtest_main.cc
Note: Google Test filter = SinglyInsertBack.DeleteBackAfterInsertion
[==========] Running 1 test from 1 test suite.
[----------] Global test environment set-up.
[----------] 1 test from SinglyInsertBack
[ RUN      ] SinglyInsertBack.DeleteBackAfterInsertion
[       OK ] SinglyInsertBack.DeleteBackAfterInsertion (0 ms)
[----------] 1 test from SinglyInsertBack (0 ms total)

[----------] Global test environment tear-down
[==========] 1 test from 1 test suite ran. (0 ms total)
[  PASSED  ] 1 test.
<end of output>
Test time =   0.02 sec
----------------------------------------------------------
Test Passed.
"SinglyInsertBack.DeleteBackAfterInsertion" end time: Jul 07 16:43 India Standard Time
"SinglyInsertBack.DeleteBackAfterInsertion" time elapsed: 00:00:00
----------------------------------------------------------

43/330 Testing: SinglyInsertBack.InsertNegativeValues
43/330 Test: SinglyInsertBack.InsertNegativeValues
Command: "C:/Users/brach/OneDrive/Documents/Project-01/build/CollectionTests.exe" "--gtest_filter=SinglyInsertBack.InsertNegativeValues" "--gtest_also_run_disabled_tests"
Directory: C:/Users/brach/OneDrive/Documents/Project-01/build
"SinglyInsertBack.InsertNegativeValues" start time: Jul 07 16:43 India Standard Time
Output:
----------------------------------------------------------
Running main() from C:/Users/brach/OneDrive/Documents/Project-01/external/googletest/googletest/src/gtest_main.cc
Note: Google Test filter = SinglyInsertBack.InsertNegativeValues
[==========] Running 1 test from 1 test suite.
[----------] Global test environment set-up.
[----------] 1 test from SinglyInsertBack
[ RUN      ] SinglyInsertBack.InsertNegativeValues
[       OK ] SinglyInsertBack.InsertNegativeValues (0 ms)
[----------] 1 test from SinglyInsertBack (0 ms total)

[----------] Global test environment tear-down
[==========] 1 test from 1 test suite ran. (0 ms total)
[  PASSED  ] 1 test.
<end of output>
Test time =   0.02 sec
----------------------------------------------------------
Test Passed.
"SinglyInsertBack.InsertNegativeValues" end time: Jul 07 16:43 India Standard Time
"SinglyInsertBack.InsertNegativeValues" time elapsed: 00:00:00
----------------------------------------------------------

44/330 Testing: SinglyInsertBack.ContinuousInsertDelete
44/330 Test: SinglyInsertBack.ContinuousInsertDelete
Command: "C:/Users/brach/OneDrive/Documents/Project-01/build/CollectionTests.exe" "--gtest_filter=SinglyInsertBack.ContinuousInsertDelete" "--gtest_also_run_disabled_tests"
Directory: C:/Users/brach/OneDrive/Documents/Project-01/build
"SinglyInsertBack.ContinuousInsertDelete" start time: Jul 07 16:43 India Standard Time
Output:
----------------------------------------------------------
Running main() from C:/Users/brach/OneDrive/Documents/Project-01/external/googletest/googletest/src/gtest_main.cc
Note: Google Test filter = SinglyInsertBack.ContinuousInsertDelete
[==========] Running 1 test from 1 test suite.
[----------] Global test environment set-up.
[----------] 1 test from SinglyInsertBack
[ RUN      ] SinglyInsertBack.ContinuousInsertDelete
[       OK ] SinglyInsertBack.ContinuousInsertDelete (0 ms)
[----------] 1 test from SinglyInsertBack (0 ms total)

[----------] Global test environment tear-down
[==========] 1 test from 1 test suite ran. (0 ms total)
[  PASSED  ] 1 test.
<end of output>
Test time =   0.02 sec
----------------------------------------------------------
Test Passed.
"SinglyInsertBack.ContinuousInsertDelete" end time: Jul 07 16:43 India Standard Time
"SinglyInsertBack.ContinuousInsertDelete" time elapsed: 00:00:00
----------------------------------------------------------

45/330 Testing: SinglyInsert.InsertAtBeginning
45/330 Test: SinglyInsert.InsertAtBeginning
Command: "C:/Users/brach/OneDrive/Documents/Project-01/build/CollectionTests.exe" "--gtest_filter=SinglyInsert.InsertAtBeginning" "--gtest_also_run_disabled_tests"
Directory: C:/Users/brach/OneDrive/Documents/Project-01/build
"SinglyInsert.InsertAtBeginning" start time: Jul 07 16:43 India Standard Time
Output:
----------------------------------------------------------
Running main() from C:/Users/brach/OneDrive/Documents/Project-01/external/googletest/googletest/src/gtest_main.cc
Note: Google Test filter = SinglyInsert.InsertAtBeginning
[==========] Running 1 test from 1 test suite.
[----------] Global test environment set-up.
[----------] 1 test from SinglyInsert
[ RUN      ] SinglyInsert.InsertAtBeginning
[       OK ] SinglyInsert.InsertAtBeginning (0 ms)
[----------] 1 test from SinglyInsert (0 ms total)

[----------] Global test environment tear-down
[==========] 1 test from 1 test suite ran. (0 ms total)
[  PASSED  ] 1 test.
<end of output>
Test time =   0.02 sec
----------------------------------------------------------
Test Passed.
"SinglyInsert.InsertAtBeginning" end time: Jul 07 16:43 India Standard Time
"SinglyInsert.InsertAtBeginning" time elapsed: 00:00:00
----------------------------------------------------------

46/330 Testing: SinglyInsert.InsertAtEnd
46/330 Test: SinglyInsert.InsertAtEnd
Command: "C:/Users/brach/OneDrive/Documents/Project-01/build/CollectionTests.exe" "--gtest_filter=SinglyInsert.InsertAtEnd" "--gtest_also_run_disabled_tests"
Directory: C:/Users/brach/OneDrive/Documents/Project-01/build
"SinglyInsert.InsertAtEnd" start time: Jul 07 16:43 India Standard Time
Output:
----------------------------------------------------------
Running main() from C:/Users/brach/OneDrive/Documents/Project-01/external/googletest/googletest/src/gtest_main.cc
Note: Google Test filter = SinglyInsert.InsertAtEnd
[==========] Running 1 test from 1 test suite.
[----------] Global test environment set-up.
[----------] 1 test from SinglyInsert
[ RUN      ] SinglyInsert.InsertAtEnd
[       OK ] SinglyInsert.InsertAtEnd (0 ms)
[----------] 1 test from SinglyInsert (0 ms total)

[----------] Global test environment tear-down
[==========] 1 test from 1 test suite ran. (0 ms total)
[  PASSED  ] 1 test.
<end of output>
Test time =   0.02 sec
----------------------------------------------------------
Test Passed.
"SinglyInsert.InsertAtEnd" end time: Jul 07 16:43 India Standard Time
"SinglyInsert.InsertAtEnd" time elapsed: 00:00:00
----------------------------------------------------------

47/330 Testing: SinglyInsert.InsertAtMiddle
47/330 Test: SinglyInsert.InsertAtMiddle
Command: "C:/Users/brach/OneDrive/Documents/Project-01/build/CollectionTests.exe" "--gtest_filter=SinglyInsert.InsertAtMiddle" "--gtest_also_run_disabled_tests"
Directory: C:/Users/brach/OneDrive/Documents/Project-01/build
"SinglyInsert.InsertAtMiddle" start time: Jul 07 16:43 India Standard Time
Output:
----------------------------------------------------------
Running main() from C:/Users/brach/OneDrive/Documents/Project-01/external/googletest/googletest/src/gtest_main.cc
Note: Google Test filter = SinglyInsert.InsertAtMiddle
[==========] Running 1 test from 1 test suite.
[----------] Global test environment set-up.
[----------] 1 test from SinglyInsert
[ RUN      ] SinglyInsert.InsertAtMiddle
[       OK ] SinglyInsert.InsertAtMiddle (0 ms)
[----------] 1 test from SinglyInsert (0 ms total)

[----------] Global test environment tear-down
[==========] 1 test from 1 test suite ran. (0 ms total)
[  PASSED  ] 1 test.
<end of output>
Test time =   0.02 sec
----------------------------------------------------------
Test Passed.
"SinglyInsert.InsertAtMiddle" end time: Jul 07 16:43 India Standard Time
"SinglyInsert.InsertAtMiddle" time elapsed: 00:00:00
----------------------------------------------------------

48/330 Testing: SinglyInsert.MultipleMiddleInsertions
48/330 Test: SinglyInsert.MultipleMiddleInsertions
Command: "C:/Users/brach/OneDrive/Documents/Project-01/build/CollectionTests.exe" "--gtest_filter=SinglyInsert.MultipleMiddleInsertions" "--gtest_also_run_disabled_tests"
Directory: C:/Users/brach/OneDrive/Documents/Project-01/build
"SinglyInsert.MultipleMiddleInsertions" start time: Jul 07 16:43 India Standard Time
Output:
----------------------------------------------------------
Running main() from C:/Users/brach/OneDrive/Documents/Project-01/external/googletest/googletest/src/gtest_main.cc
Note: Google Test filter = SinglyInsert.MultipleMiddleInsertions
[==========] Running 1 test from 1 test suite.
[----------] Global test environment set-up.
[----------] 1 test from SinglyInsert
[ RUN      ] SinglyInsert.MultipleMiddleInsertions
[       OK ] SinglyInsert.MultipleMiddleInsertions (0 ms)
[----------] 1 test from SinglyInsert (0 ms total)

[----------] Global test environment tear-down
[==========] 1 test from 1 test suite ran. (0 ms total)
[  PASSED  ] 1 test.
<end of output>
Test time =   0.02 sec
----------------------------------------------------------
Test Passed.
"SinglyInsert.MultipleMiddleInsertions" end time: Jul 07 16:43 India Standard Time
"SinglyInsert.MultipleMiddleInsertions" time elapsed: 00:00:00
----------------------------------------------------------

49/330 Testing: SinglyInsert.InsertIntoEmptyList
49/330 Test: SinglyInsert.InsertIntoEmptyList
Command: "C:/Users/brach/OneDrive/Documents/Project-01/build/CollectionTests.exe" "--gtest_filter=SinglyInsert.InsertIntoEmptyList" "--gtest_also_run_disabled_tests"
Directory: C:/Users/brach/OneDrive/Documents/Project-01/build
"SinglyInsert.InsertIntoEmptyList" start time: Jul 07 16:43 India Standard Time
Output:
----------------------------------------------------------
Running main() from C:/Users/brach/OneDrive/Documents/Project-01/external/googletest/googletest/src/gtest_main.cc
Note: Google Test filter = SinglyInsert.InsertIntoEmptyList
[==========] Running 1 test from 1 test suite.
[----------] Global test environment set-up.
[----------] 1 test from SinglyInsert
[ RUN      ] SinglyInsert.InsertIntoEmptyList
[       OK ] SinglyInsert.InsertIntoEmptyList (0 ms)
[----------] 1 test from SinglyInsert (0 ms total)

[----------] Global test environment tear-down
[==========] 1 test from 1 test suite ran. (0 ms total)
[  PASSED  ] 1 test.
<end of output>
Test time =   0.02 sec
----------------------------------------------------------
Test Passed.
"SinglyInsert.InsertIntoEmptyList" end time: Jul 07 16:43 India Standard Time
"SinglyInsert.InsertIntoEmptyList" time elapsed: 00:00:00
----------------------------------------------------------

50/330 Testing: SinglyInsert.InsertNegativeIndex
50/330 Test: SinglyInsert.InsertNegativeIndex
Command: "C:/Users/brach/OneDrive/Documents/Project-01/build/CollectionTests.exe" "--gtest_filter=SinglyInsert.InsertNegativeIndex" "--gtest_also_run_disabled_tests"
Directory: C:/Users/brach/OneDrive/Documents/Project-01/build
"SinglyInsert.InsertNegativeIndex" start time: Jul 07 16:43 India Standard Time
Output:
----------------------------------------------------------
Running main() from C:/Users/brach/OneDrive/Documents/Project-01/external/googletest/googletest/src/gtest_main.cc
Note: Google Test filter = SinglyInsert.InsertNegativeIndex
[==========] Running 1 test from 1 test suite.
[----------] Global test environment set-up.
[----------] 1 test from SinglyInsert
[ RUN      ] SinglyInsert.InsertNegativeIndex
[       OK ] SinglyInsert.InsertNegativeIndex (0 ms)
[----------] 1 test from SinglyInsert (0 ms total)

[----------] Global test environment tear-down
[==========] 1 test from 1 test suite ran. (0 ms total)
[  PASSED  ] 1 test.
<end of output>
Test time =   0.02 sec
----------------------------------------------------------
Test Passed.
"SinglyInsert.InsertNegativeIndex" end time: Jul 07 16:43 India Standard Time
"SinglyInsert.InsertNegativeIndex" time elapsed: 00:00:00
----------------------------------------------------------

51/330 Testing: SinglyInsert.InsertPastEnd
51/330 Test: SinglyInsert.InsertPastEnd
Command: "C:/Users/brach/OneDrive/Documents/Project-01/build/CollectionTests.exe" "--gtest_filter=SinglyInsert.InsertPastEnd" "--gtest_also_run_disabled_tests"
Directory: C:/Users/brach/OneDrive/Documents/Project-01/build
"SinglyInsert.InsertPastEnd" start time: Jul 07 16:43 India Standard Time
Output:
----------------------------------------------------------
Running main() from C:/Users/brach/OneDrive/Documents/Project-01/external/googletest/googletest/src/gtest_main.cc
Note: Google Test filter = SinglyInsert.InsertPastEnd
[==========] Running 1 test from 1 test suite.
[----------] Global test environment set-up.
[----------] 1 test from SinglyInsert
[ RUN      ] SinglyInsert.InsertPastEnd
[       OK ] SinglyInsert.InsertPastEnd (0 ms)
[----------] 1 test from SinglyInsert (0 ms total)

[----------] Global test environment tear-down
[==========] 1 test from 1 test suite ran. (0 ms total)
[  PASSED  ] 1 test.
<end of output>
Test time =   0.02 sec
----------------------------------------------------------
Test Passed.
"SinglyInsert.InsertPastEnd" end time: Jul 07 16:43 India Standard Time
"SinglyInsert.InsertPastEnd" time elapsed: 00:00:00
----------------------------------------------------------

52/330 Testing: SinglyInsert.InsertAfterMultipleOperations
52/330 Test: SinglyInsert.InsertAfterMultipleOperations
Command: "C:/Users/brach/OneDrive/Documents/Project-01/build/CollectionTests.exe" "--gtest_filter=SinglyInsert.InsertAfterMultipleOperations" "--gtest_also_run_disabled_tests"
Directory: C:/Users/brach/OneDrive/Documents/Project-01/build
"SinglyInsert.InsertAfterMultipleOperations" start time: Jul 07 16:43 India Standard Time
Output:
----------------------------------------------------------
Running main() from C:/Users/brach/OneDrive/Documents/Project-01/external/googletest/googletest/src/gtest_main.cc
Note: Google Test filter = SinglyInsert.InsertAfterMultipleOperations
[==========] Running 1 test from 1 test suite.
[----------] Global test environment set-up.
[----------] 1 test from SinglyInsert
[ RUN      ] SinglyInsert.InsertAfterMultipleOperations
[       OK ] SinglyInsert.InsertAfterMultipleOperations (0 ms)
[----------] 1 test from SinglyInsert (0 ms total)

[----------] Global test environment tear-down
[==========] 1 test from 1 test suite ran. (0 ms total)
[  PASSED  ] 1 test.
<end of output>
Test time =   0.02 sec
----------------------------------------------------------
Test Passed.
"SinglyInsert.InsertAfterMultipleOperations" end time: Jul 07 16:43 India Standard Time
"SinglyInsert.InsertAfterMultipleOperations" time elapsed: 00:00:00
----------------------------------------------------------

53/330 Testing: SinglyInsert.InsertDuplicateValues
53/330 Test: SinglyInsert.InsertDuplicateValues
Command: "C:/Users/brach/OneDrive/Documents/Project-01/build/CollectionTests.exe" "--gtest_filter=SinglyInsert.InsertDuplicateValues" "--gtest_also_run_disabled_tests"
Directory: C:/Users/brach/OneDrive/Documents/Project-01/build
"SinglyInsert.InsertDuplicateValues" start time: Jul 07 16:43 India Standard Time
Output:
----------------------------------------------------------
Running main() from C:/Users/brach/OneDrive/Documents/Project-01/external/googletest/googletest/src/gtest_main.cc
Note: Google Test filter = SinglyInsert.InsertDuplicateValues
[==========] Running 1 test from 1 test suite.
[----------] Global test environment set-up.
[----------] 1 test from SinglyInsert
[ RUN      ] SinglyInsert.InsertDuplicateValues
[       OK ] SinglyInsert.InsertDuplicateValues (0 ms)
[----------] 1 test from SinglyInsert (0 ms total)

[----------] Global test environment tear-down
[==========] 1 test from 1 test suite ran. (0 ms total)
[  PASSED  ] 1 test.
<end of output>
Test time =   0.02 sec
----------------------------------------------------------
Test Passed.
"SinglyInsert.InsertDuplicateValues" end time: Jul 07 16:43 India Standard Time
"SinglyInsert.InsertDuplicateValues" time elapsed: 00:00:00
----------------------------------------------------------

54/330 Testing: SinglyInsert.StressInsertMiddle
54/330 Test: SinglyInsert.StressInsertMiddle
Command: "C:/Users/brach/OneDrive/Documents/Project-01/build/CollectionTests.exe" "--gtest_filter=SinglyInsert.StressInsertMiddle" "--gtest_also_run_disabled_tests"
Directory: C:/Users/brach/OneDrive/Documents/Project-01/build
"SinglyInsert.StressInsertMiddle" start time: Jul 07 16:43 India Standard Time
Output:
----------------------------------------------------------
Running main() from C:/Users/brach/OneDrive/Documents/Project-01/external/googletest/googletest/src/gtest_main.cc
Note: Google Test filter = SinglyInsert.StressInsertMiddle
[==========] Running 1 test from 1 test suite.
[----------] Global test environment set-up.
[----------] 1 test from SinglyInsert
[ RUN      ] SinglyInsert.StressInsertMiddle
[       OK ] SinglyInsert.StressInsertMiddle (0 ms)
[----------] 1 test from SinglyInsert (0 ms total)

[----------] Global test environment tear-down
[==========] 1 test from 1 test suite ran. (0 ms total)
[  PASSED  ] 1 test.
<end of output>
Test time =   0.02 sec
----------------------------------------------------------
Test Passed.
"SinglyInsert.StressInsertMiddle" end time: Jul 07 16:43 India Standard Time
"SinglyInsert.StressInsertMiddle" time elapsed: 00:00:00
----------------------------------------------------------

55/330 Testing: SinglyGet.GetFirstElement
55/330 Test: SinglyGet.GetFirstElement
Command: "C:/Users/brach/OneDrive/Documents/Project-01/build/CollectionTests.exe" "--gtest_filter=SinglyGet.GetFirstElement" "--gtest_also_run_disabled_tests"
Directory: C:/Users/brach/OneDrive/Documents/Project-01/build
"SinglyGet.GetFirstElement" start time: Jul 07 16:43 India Standard Time
Output:
----------------------------------------------------------
Running main() from C:/Users/brach/OneDrive/Documents/Project-01/external/googletest/googletest/src/gtest_main.cc
Note: Google Test filter = SinglyGet.GetFirstElement
[==========] Running 1 test from 1 test suite.
[----------] Global test environment set-up.
[----------] 1 test from SinglyGet
[ RUN      ] SinglyGet.GetFirstElement
[       OK ] SinglyGet.GetFirstElement (0 ms)
[----------] 1 test from SinglyGet (0 ms total)

[----------] Global test environment tear-down
[==========] 1 test from 1 test suite ran. (0 ms total)
[  PASSED  ] 1 test.
<end of output>
Test time =   0.02 sec
----------------------------------------------------------
Test Passed.
"SinglyGet.GetFirstElement" end time: Jul 07 16:43 India Standard Time
"SinglyGet.GetFirstElement" time elapsed: 00:00:00
----------------------------------------------------------

56/330 Testing: SinglyGet.GetLastElement
56/330 Test: SinglyGet.GetLastElement
Command: "C:/Users/brach/OneDrive/Documents/Project-01/build/CollectionTests.exe" "--gtest_filter=SinglyGet.GetLastElement" "--gtest_also_run_disabled_tests"
Directory: C:/Users/brach/OneDrive/Documents/Project-01/build
"SinglyGet.GetLastElement" start time: Jul 07 16:43 India Standard Time
Output:
----------------------------------------------------------
Running main() from C:/Users/brach/OneDrive/Documents/Project-01/external/googletest/googletest/src/gtest_main.cc
Note: Google Test filter = SinglyGet.GetLastElement
[==========] Running 1 test from 1 test suite.
[----------] Global test environment set-up.
[----------] 1 test from SinglyGet
[ RUN      ] SinglyGet.GetLastElement
[       OK ] SinglyGet.GetLastElement (0 ms)
[----------] 1 test from SinglyGet (0 ms total)

[----------] Global test environment tear-down
[==========] 1 test from 1 test suite ran. (0 ms total)
[  PASSED  ] 1 test.
<end of output>
Test time =   0.03 sec
----------------------------------------------------------
Test Passed.
"SinglyGet.GetLastElement" end time: Jul 07 16:43 India Standard Time
"SinglyGet.GetLastElement" time elapsed: 00:00:00
----------------------------------------------------------

57/330 Testing: SinglyGet.GetMiddleElement
57/330 Test: SinglyGet.GetMiddleElement
Command: "C:/Users/brach/OneDrive/Documents/Project-01/build/CollectionTests.exe" "--gtest_filter=SinglyGet.GetMiddleElement" "--gtest_also_run_disabled_tests"
Directory: C:/Users/brach/OneDrive/Documents/Project-01/build
"SinglyGet.GetMiddleElement" start time: Jul 07 16:43 India Standard Time
Output:
----------------------------------------------------------
Running main() from C:/Users/brach/OneDrive/Documents/Project-01/external/googletest/googletest/src/gtest_main.cc
Note: Google Test filter = SinglyGet.GetMiddleElement
[==========] Running 1 test from 1 test suite.
[----------] Global test environment set-up.
[----------] 1 test from SinglyGet
[ RUN      ] SinglyGet.GetMiddleElement
[       OK ] SinglyGet.GetMiddleElement (0 ms)
[----------] 1 test from SinglyGet (0 ms total)

[----------] Global test environment tear-down
[==========] 1 test from 1 test suite ran. (0 ms total)
[  PASSED  ] 1 test.
<end of output>
Test time =   0.02 sec
----------------------------------------------------------
Test Passed.
"SinglyGet.GetMiddleElement" end time: Jul 07 16:43 India Standard Time
"SinglyGet.GetMiddleElement" time elapsed: 00:00:00
----------------------------------------------------------

58/330 Testing: SinglyGet.GetAfterInsertDeleteOperations
58/330 Test: SinglyGet.GetAfterInsertDeleteOperations
Command: "C:/Users/brach/OneDrive/Documents/Project-01/build/CollectionTests.exe" "--gtest_filter=SinglyGet.GetAfterInsertDeleteOperations" "--gtest_also_run_disabled_tests"
Directory: C:/Users/brach/OneDrive/Documents/Project-01/build
"SinglyGet.GetAfterInsertDeleteOperations" start time: Jul 07 16:43 India Standard Time
Output:
----------------------------------------------------------
Running main() from C:/Users/brach/OneDrive/Documents/Project-01/external/googletest/googletest/src/gtest_main.cc
Note: Google Test filter = SinglyGet.GetAfterInsertDeleteOperations
[==========] Running 1 test from 1 test suite.
[----------] Global test environment set-up.
[----------] 1 test from SinglyGet
[ RUN      ] SinglyGet.GetAfterInsertDeleteOperations
[       OK ] SinglyGet.GetAfterInsertDeleteOperations (0 ms)
[----------] 1 test from SinglyGet (0 ms total)

[----------] Global test environment tear-down
[==========] 1 test from 1 test suite ran. (0 ms total)
[  PASSED  ] 1 test.
<end of output>
Test time =   0.02 sec
----------------------------------------------------------
Test Passed.
"SinglyGet.GetAfterInsertDeleteOperations" end time: Jul 07 16:43 India Standard Time
"SinglyGet.GetAfterInsertDeleteOperations" time elapsed: 00:00:00
----------------------------------------------------------

59/330 Testing: SinglyGet.GetFromEmptyList
59/330 Test: SinglyGet.GetFromEmptyList
[...]
Test Passed.
"Assignment.OverwritesExistingLargerData" end time: Jul 07 16:43 India Standard Time
"Assignment.OverwritesExistingLargerData" time elapsed: 00:00:00
----------------------------------------------------------

317/330 Testing: Assignment.ChainedAssignmentWorks
317/330 Test: Assignment.ChainedAssignmentWorks
Command: "C:/Users/brach/OneDrive/Documents/Project-01/build/CollectionTests.exe" "--gtest_filter=Assignment.ChainedAssignmentWorks" "--gtest_also_run_disabled_tests"
Directory: C:/Users/brach/OneDrive/Documents/Project-01/build
"Assignment.ChainedAssignmentWorks" start time: Jul 07 16:43 India Standard Time
Output:
----------------------------------------------------------
Running main() from C:/Users/brach/OneDrive/Documents/Project-01/external/googletest/googletest/src/gtest_main.cc
Note: Google Test filter = Assignment.ChainedAssignmentWorks
[==========] Running 1 test from 1 test suite.
[----------] Global test environment set-up.
[----------] 1 test from Assignment
[ RUN      ] Assignment.ChainedAssignmentWorks
[       OK ] Assignment.ChainedAssignmentWorks (0 ms)
[----------] 1 test from Assignment (0 ms total)

[----------] Global test environment tear-down
[==========] 1 test from 1 test suite ran. (0 ms total)
[  PASSED  ] 1 test.
<end of output>
Test time =   0.02 sec
----------------------------------------------------------
Test Passed.
"Assignment.ChainedAssignmentWorks" end time: Jul 07 16:43 India Standard Time
"Assignment.ChainedAssignmentWorks" time elapsed: 00:00:00
----------------------------------------------------------

318/330 Testing: Assignment.EmptyAssignedIntoNonEmptyClearsIt
318/330 Test: Assignment.EmptyAssignedIntoNonEmptyClearsIt
Command: "C:/Users/brach/OneDrive/Documents/Project-01/build/CollectionTests.exe" "--gtest_filter=Assignment.EmptyAssignedIntoNonEmptyClearsIt" "--gtest_also_run_disabled_tests"
Directory: C:/Users/brach/OneDrive/Documents/Project-01/build
"Assignment.EmptyAssignedIntoNonEmptyClearsIt" start time: Jul 07 16:43 India Standard Time
Output:
----------------------------------------------------------
Running main() from C:/Users/brach/OneDrive/Documents/Project-01/external/googletest/googletest/src/gtest_main.cc
Note: Google Test filter = Assignment.EmptyAssignedIntoNonEmptyClearsIt
[==========] Running 1 test from 1 test suite.
[----------] Global test environment set-up.
[----------] 1 test from Assignment
[ RUN      ] Assignment.EmptyAssignedIntoNonEmptyClearsIt
[       OK ] Assignment.EmptyAssignedIntoNonEmptyClearsIt (0 ms)
[----------] 1 test from Assignment (0 ms total)

[----------] Global test environment tear-down
[==========] 1 test from 1 test suite ran. (0 ms total)
[  PASSED  ] 1 test.
<end of output>
Test time =   0.02 sec
----------------------------------------------------------
Test Passed.
"Assignment.EmptyAssignedIntoNonEmptyClearsIt" end time: Jul 07 16:43 India Standard Time
"Assignment.EmptyAssignedIntoNonEmptyClearsIt" time elapsed: 00:00:00
----------------------------------------------------------

319/330 Testing: Assignment.AssignEmptyArray
319/330 Test: Assignment.AssignEmptyArray
Command: "C:/Users/brach/OneDrive/Documents/Project-01/build/CollectionTests.exe" "--gtest_filter=Assignment.AssignEmptyArray" "--gtest_also_run_disabled_tests"
Directory: C:/Users/brach/OneDrive/Documents/Project-01/build
"Assignment.AssignEmptyArray" start time: Jul 07 16:43 India Standard Time
Output:
----------------------------------------------------------
Running main() from C:/Users/brach/OneDrive/Documents/Project-01/external/googletest/googletest/src/gtest_main.cc
Note: Google Test filter = Assignment.AssignEmptyArray
[==========] Running 1 test from 1 test suite.
[----------] Global test environment set-up.
[----------] 1 test from Assignment
[ RUN      ] Assignment.AssignEmptyArray
[       OK ] Assignment.AssignEmptyArray (0 ms)
[----------] 1 test from Assignment (0 ms total)

[----------] Global test environment tear-down
[==========] 1 test from 1 test suite ran. (0 ms total)
[  PASSED  ] 1 test.
<end of output>
Test time =   0.02 sec
----------------------------------------------------------
Test Passed.
"Assignment.AssignEmptyArray" end time: Jul 07 16:43 India Standard Time
"Assignment.AssignEmptyArray" time elapsed: 00:00:00
----------------------------------------------------------

320/330 Testing: Assignment.AssignNonEmptyArray
320/330 Test: Assignment.AssignNonEmptyArray
Command: "C:/Users/brach/OneDrive/Documents/Project-01/build/CollectionTests.exe" "--gtest_filter=Assignment.AssignNonEmptyArray" "--gtest_also_run_disabled_tests"
Directory: C:/Users/brach/OneDrive/Documents/Project-01/build
"Assignment.AssignNonEmptyArray" start time: Jul 07 16:43 India Standard Time
Output:
----------------------------------------------------------
Running main() from C:/Users/brach/OneDrive/Documents/Project-01/external/googletest/googletest/src/gtest_main.cc
Note: Google Test filter = Assignment.AssignNonEmptyArray
[==========] Running 1 test from 1 test suite.
[----------] Global test environment set-up.
[----------] 1 test from Assignment
[ RUN      ] Assignment.AssignNonEmptyArray
[       OK ] Assignment.AssignNonEmptyArray (0 ms)
[----------] 1 test from Assignment (0 ms total)

[----------] Global test environment tear-down
[==========] 1 test from 1 test suite ran. (0 ms total)
[  PASSED  ] 1 test.
<end of output>
Test time =   0.02 sec
----------------------------------------------------------
Test Passed.
"Assignment.AssignNonEmptyArray" end time: Jul 07 16:43 India Standard Time
"Assignment.AssignNonEmptyArray" time elapsed: 00:00:00
----------------------------------------------------------

321/330 Testing: Assignment.ModifyOriginalAfterAssignment
321/330 Test: Assignment.ModifyOriginalAfterAssignment
Command: "C:/Users/brach/OneDrive/Documents/Project-01/build/CollectionTests.exe" "--gtest_filter=Assignment.ModifyOriginalAfterAssignment" "--gtest_also_run_disabled_tests"
Directory: C:/Users/brach/OneDrive/Documents/Project-01/build
"Assignment.ModifyOriginalAfterAssignment" start time: Jul 07 16:43 India Standard Time
Output:
----------------------------------------------------------
Running main() from C:/Users/brach/OneDrive/Documents/Project-01/external/googletest/googletest/src/gtest_main.cc
Note: Google Test filter = Assignment.ModifyOriginalAfterAssignment
[==========] Running 1 test from 1 test suite.
[----------] Global test environment set-up.
[----------] 1 test from Assignment
[ RUN      ] Assignment.ModifyOriginalAfterAssignment
[       OK ] Assignment.ModifyOriginalAfterAssignment (0 ms)
[----------] 1 test from Assignment (0 ms total)

[----------] Global test environment tear-down
[==========] 1 test from 1 test suite ran. (0 ms total)
[  PASSED  ] 1 test.
<end of output>
Test time =   0.03 sec
----------------------------------------------------------
Test Passed.
"Assignment.ModifyOriginalAfterAssignment" end time: Jul 07 16:43 India Standard Time
"Assignment.ModifyOriginalAfterAssignment" time elapsed: 00:00:00
----------------------------------------------------------

322/330 Testing: Assignment.ModifyAssignedArray
322/330 Test: Assignment.ModifyAssignedArray
Command: "C:/Users/brach/OneDrive/Documents/Project-01/build/CollectionTests.exe" "--gtest_filter=Assignment.ModifyAssignedArray" "--gtest_also_run_disabled_tests"
Directory: C:/Users/brach/OneDrive/Documents/Project-01/build
"Assignment.ModifyAssignedArray" start time: Jul 07 16:43 India Standard Time
Output:
----------------------------------------------------------
Running main() from C:/Users/brach/OneDrive/Documents/Project-01/external/googletest/googletest/src/gtest_main.cc
Note: Google Test filter = Assignment.ModifyAssignedArray
[==========] Running 1 test from 1 test suite.
[----------] Global test environment set-up.
[----------] 1 test from Assignment
[ RUN      ] Assignment.ModifyAssignedArray
[       OK ] Assignment.ModifyAssignedArray (0 ms)
[----------] 1 test from Assignment (0 ms total)

[----------] Global test environment tear-down
[==========] 1 test from 1 test suite ran. (0 ms total)
[  PASSED  ] 1 test.
<end of output>
Test time =   0.03 sec
----------------------------------------------------------
Test Passed.
"Assignment.ModifyAssignedArray" end time: Jul 07 16:43 India Standard Time
"Assignment.ModifyAssignedArray" time elapsed: 00:00:00
----------------------------------------------------------

323/330 Testing: Assignment.SelfAssignment
323/330 Test: Assignment.SelfAssignment
Command: "C:/Users/brach/OneDrive/Documents/Project-01/build/CollectionTests.exe" "--gtest_filter=Assignment.SelfAssignment" "--gtest_also_run_disabled_tests"
Directory: C:/Users/brach/OneDrive/Documents/Project-01/build
"Assignment.SelfAssignment" start time: Jul 07 16:43 India Standard Time
Output:
----------------------------------------------------------
Running main() from C:/Users/brach/OneDrive/Documents/Project-01/external/googletest/googletest/src/gtest_main.cc
Note: Google Test filter = Assignment.SelfAssignment
[==========] Running 1 test from 1 test suite.
[----------] Global test environment set-up.
[----------] 1 test from Assignment
[ RUN      ] Assignment.SelfAssignment
[       OK ] Assignment.SelfAssignment (0 ms)
[----------] 1 test from Assignment (0 ms total)

[----------] Global test environment tear-down
[==========] 1 test from 1 test suite ran. (0 ms total)
[  PASSED  ] 1 test.
<end of output>
Test time =   0.04 sec
----------------------------------------------------------
Test Passed.
"Assignment.SelfAssignment" end time: Jul 07 16:43 India Standard Time
"Assignment.SelfAssignment" time elapsed: 00:00:00
----------------------------------------------------------

324/330 Testing: Assignment.AssignLargeArray
324/330 Test: Assignment.AssignLargeArray
Command: "C:/Users/brach/OneDrive/Documents/Project-01/build/CollectionTests.exe" "--gtest_filter=Assignment.AssignLargeArray" "--gtest_also_run_disabled_tests"
Directory: C:/Users/brach/OneDrive/Documents/Project-01/build
"Assignment.AssignLargeArray" start time: Jul 07 16:43 India Standard Time
Output:
----------------------------------------------------------
Running main() from C:/Users/brach/OneDrive/Documents/Project-01/external/googletest/googletest/src/gtest_main.cc
Note: Google Test filter = Assignment.AssignLargeArray
[==========] Running 1 test from 1 test suite.
[----------] Global test environment set-up.
[----------] 1 test from Assignment
[ RUN      ] Assignment.AssignLargeArray
[       OK ] Assignment.AssignLargeArray (0 ms)
[----------] 1 test from Assignment (0 ms total)

[----------] Global test environment tear-down
[==========] 1 test from 1 test suite ran. (0 ms total)
[  PASSED  ] 1 test.
<end of output>
Test time =   0.03 sec
----------------------------------------------------------
Test Passed.
"Assignment.AssignLargeArray" end time: Jul 07 16:43 India Standard Time
"Assignment.AssignLargeArray" time elapsed: 00:00:00
----------------------------------------------------------

325/330 Testing: DynamicArrayAppendTest.AppendOneElement
325/330 Test: DynamicArrayAppendTest.AppendOneElement
Command: "C:/Users/brach/OneDrive/Documents/Project-01/build/CollectionTests.exe" "--gtest_filter=DynamicArrayAppendTest.AppendOneElement" "--gtest_also_run_disabled_tests"
Directory: C:/Users/brach/OneDrive/Documents/Project-01/build
"DynamicArrayAppendTest.AppendOneElement" start time: Jul 07 16:43 India Standard Time
Output:
----------------------------------------------------------
Running main() from C:/Users/brach/OneDrive/Documents/Project-01/external/googletest/googletest/src/gtest_main.cc
Note: Google Test filter = DynamicArrayAppendTest.AppendOneElement
[==========] Running 1 test from 1 test suite.
[----------] Global test environment set-up.
[----------] 1 test from DynamicArrayAppendTest
[ RUN      ] DynamicArrayAppendTest.AppendOneElement
[       OK ] DynamicArrayAppendTest.AppendOneElement (0 ms)
[----------] 1 test from DynamicArrayAppendTest (0 ms total)

[----------] Global test environment tear-down
[==========] 1 test from 1 test suite ran. (0 ms total)
[  PASSED  ] 1 test.
<end of output>
Test time =   0.03 sec
----------------------------------------------------------
Test Passed.
"DynamicArrayAppendTest.AppendOneElement" end time: Jul 07 16:43 India Standard Time
"DynamicArrayAppendTest.AppendOneElement" time elapsed: 00:00:00
----------------------------------------------------------

326/330 Testing: DynamicArrayAppendTest.AppendMultipleElements
326/330 Test: DynamicArrayAppendTest.AppendMultipleElements
Command: "C:/Users/brach/OneDrive/Documents/Project-01/build/CollectionTests.exe" "--gtest_filter=DynamicArrayAppendTest.AppendMultipleElements" "--gtest_also_run_disabled_tests"
Directory: C:/Users/brach/OneDrive/Documents/Project-01/build
"DynamicArrayAppendTest.AppendMultipleElements" start time: Jul 07 16:43 India Standard Time
Output:
----------------------------------------------------------
Running main() from C:/Users/brach/OneDrive/Documents/Project-01/external/googletest/googletest/src/gtest_main.cc
Note: Google Test filter = DynamicArrayAppendTest.AppendMultipleElements
[==========] Running 1 test from 1 test suite.
[----------] Global test environment set-up.
[----------] 1 test from DynamicArrayAppendTest
[ RUN      ] DynamicArrayAppendTest.AppendMultipleElements
[       OK ] DynamicArrayAppendTest.AppendMultipleElements (0 ms)
[----------] 1 test from DynamicArrayAppendTest (0 ms total)

[----------] Global test environment tear-down
[==========] 1 test from 1 test suite ran. (0 ms total)
[  PASSED  ] 1 test.
<end of output>
Test time =   0.03 sec
----------------------------------------------------------
Test Passed.
"DynamicArrayAppendTest.AppendMultipleElements" end time: Jul 07 16:43 India Standard Time
"DynamicArrayAppendTest.AppendMultipleElements" time elapsed: 00:00:00
----------------------------------------------------------

327/330 Testing: DynamicArrayAppendTest.AppendTriggersResize
327/330 Test: DynamicArrayAppendTest.AppendTriggersResize
Command: "C:/Users/brach/OneDrive/Documents/Project-01/build/CollectionTests.exe" "--gtest_filter=DynamicArrayAppendTest.AppendTriggersResize" "--gtest_also_run_disabled_tests"
Directory: C:/Users/brach/OneDrive/Documents/Project-01/build
"DynamicArrayAppendTest.AppendTriggersResize" start time: Jul 07 16:43 India Standard Time
Output:
----------------------------------------------------------
Running main() from C:/Users/brach/OneDrive/Documents/Project-01/external/googletest/googletest/src/gtest_main.cc
Note: Google Test filter = DynamicArrayAppendTest.AppendTriggersResize
[==========] Running 1 test from 1 test suite.
[----------] Global test environment set-up.
[----------] 1 test from DynamicArrayAppendTest
[ RUN      ] DynamicArrayAppendTest.AppendTriggersResize
[       OK ] DynamicArrayAppendTest.AppendTriggersResize (0 ms)
[----------] 1 test from DynamicArrayAppendTest (0 ms total)

[----------] Global test environment tear-down
[==========] 1 test from 1 test suite ran. (0 ms total)
[  PASSED  ] 1 test.
<end of output>
Test time =   0.02 sec
----------------------------------------------------------
Test Passed.
"DynamicArrayAppendTest.AppendTriggersResize" end time: Jul 07 16:43 India Standard Time
"DynamicArrayAppendTest.AppendTriggersResize" time elapsed: 00:00:00
----------------------------------------------------------

328/330 Testing: DynamicArrayAppendTest.AppendLargeDataset
328/330 Test: DynamicArrayAppendTest.AppendLargeDataset
Command: "C:/Users/brach/OneDrive/Documents/Project-01/build/CollectionTests.exe" "--gtest_filter=DynamicArrayAppendTest.AppendLargeDataset" "--gtest_also_run_disabled_tests"
Directory: C:/Users/brach/OneDrive/Documents/Project-01/build
"DynamicArrayAppendTest.AppendLargeDataset" start time: Jul 07 16:43 India Standard Time
Output:
----------------------------------------------------------
Running main() from C:/Users/brach/OneDrive/Documents/Project-01/external/googletest/googletest/src/gtest_main.cc
Note: Google Test filter = DynamicArrayAppendTest.AppendLargeDataset
[==========] Running 1 test from 1 test suite.
[----------] Global test environment set-up.
[----------] 1 test from DynamicArrayAppendTest
[ RUN      ] DynamicArrayAppendTest.AppendLargeDataset
[       OK ] DynamicArrayAppendTest.AppendLargeDataset (0 ms)
[----------] 1 test from DynamicArrayAppendTest (0 ms total)

[----------] Global test environment tear-down
[==========] 1 test from 1 test suite ran. (0 ms total)
[  PASSED  ] 1 test.
<end of output>
Test time =   0.03 sec
----------------------------------------------------------
Test Passed.
"DynamicArrayAppendTest.AppendLargeDataset" end time: Jul 07 16:43 India Standard Time
"DynamicArrayAppendTest.AppendLargeDataset" time elapsed: 00:00:00
----------------------------------------------------------

329/330 Testing: DynamicArrayAppendTest.AppendDuplicateValues
329/330 Test: DynamicArrayAppendTest.AppendDuplicateValues
Command: "C:/Users/brach/OneDrive/Documents/Project-01/build/CollectionTests.exe" "--gtest_filter=DynamicArrayAppendTest.AppendDuplicateValues" "--gtest_also_run_disabled_tests"
Directory: C:/Users/brach/OneDrive/Documents/Project-01/build
"DynamicArrayAppendTest.AppendDuplicateValues" start time: Jul 07 16:43 India Standard Time
Output:
----------------------------------------------------------
Running main() from C:/Users/brach/OneDrive/Documents/Project-01/external/googletest/googletest/src/gtest_main.cc
Note: Google Test filter = DynamicArrayAppendTest.AppendDuplicateValues
[==========] Running 1 test from 1 test suite.
[----------] Global test environment set-up.
[----------] 1 test from DynamicArrayAppendTest
[ RUN      ] DynamicArrayAppendTest.AppendDuplicateValues
[       OK ] DynamicArrayAppendTest.AppendDuplicateValues (0 ms)
[----------] 1 test from DynamicArrayAppendTest (0 ms total)

[----------] Global test environment tear-down
[==========] 1 test from 1 test suite ran. (0 ms total)
[  PASSED  ] 1 test.
<end of output>
Test time =   0.02 sec
----------------------------------------------------------
Test Passed.
"DynamicArrayAppendTest.AppendDuplicateValues" end time: Jul 07 16:43 India Standard Time
"DynamicArrayAppendTest.AppendDuplicateValues" time elapsed: 00:00:00
----------------------------------------------------------

330/330 Testing: DynamicArrayAppendTest.AppendNegativeNumbers
330/330 Test: DynamicArrayAppendTest.AppendNegativeNumbers
Command: "C:/Users/brach/OneDrive/Documents/Project-01/build/CollectionTests.exe" "--gtest_filter=DynamicArrayAppendTest.AppendNegativeNumbers" "--gtest_also_run_disabled_tests"
Directory: C:/Users/brach/OneDrive/Documents/Project-01/build
"DynamicArrayAppendTest.AppendNegativeNumbers" start time: Jul 07 16:43 India Standard Time
Output:
----------------------------------------------------------
Running main() from C:/Users/brach/OneDrive/Documents/Project-01/external/googletest/googletest/src/gtest_main.cc
Note: Google Test filter = DynamicArrayAppendTest.AppendNegativeNumbers
[==========] Running 1 test from 1 test suite.
[----------] Global test environment set-up.
[----------] 1 test from DynamicArrayAppendTest
[ RUN      ] DynamicArrayAppendTest.AppendNegativeNumbers
[       OK ] DynamicArrayAppendTest.AppendNegativeNumbers (0 ms)
[----------] 1 test from DynamicArrayAppendTest (0 ms total)

[----------] Global test environment tear-down
[==========] 1 test from 1 test suite ran. (0 ms total)
[  PASSED  ] 1 test.
<end of output>
Test time =   0.02 sec
----------------------------------------------------------
Test Passed.
"DynamicArrayAppendTest.AppendNegativeNumbers" end time: Jul 07 16:43 India Standard Time
"DynamicArrayAppendTest.AppendNegativeNumbers" time elapsed: 00:00:00
----------------------------------------------------------

End testing: Jul 07 16:43 India Standard Time
